16-Mar-2023 01:43:02.024 INFO [Catalina-utility-2] org.apache.catalina.core.StandardContext.reload Reloading Context with name [/lowdingshop] has started
16-Mar-2023 01:43:02.247 INFO [Catalina-utility-2] org.apache.jasper.servlet.TldScanner.scanJars At least one JAR was scanned for TLDs yet contained no TLDs. Enable debug logging for this logger for a complete list of JARs that were scanned but no TLDs were found in them. Skipping unneeded JARs during scanning can improve startup time and JSP compilation time.
16-Mar-2023 01:43:02.249 INFO [Catalina-utility-2] org.apache.catalina.core.StandardContext.reload Reloading Context with name [/lowdingshop] is completed
16-Mar-2023 02:04:10.967 INFO [Thread-1] org.apache.coyote.AbstractProtocol.pause Pausing ProtocolHandler ["http-nio-9999"]
16-Mar-2023 02:04:10.973 INFO [Thread-1] org.apache.catalina.core.StandardService.stopInternal Stopping service [Catalina]
16-Mar-2023 02:04:11.004 INFO [Thread-1] org.apache.coyote.AbstractProtocol.stop Stopping ProtocolHandler ["http-nio-9999"]
16-Mar-2023 02:04:11.012 INFO [Thread-1] org.apache.coyote.AbstractProtocol.destroy Destroying ProtocolHandler ["http-nio-9999"]
16-Mar-2023 02:04:13.767 INFO [main] org.apache.catalina.startup.VersionLoggerListener.log Server version name:   Apache Tomcat/10.1.5
16-Mar-2023 02:04:13.768 INFO [main] org.apache.catalina.startup.VersionLoggerListener.log Server built:          Jan 9 2023 19:52:50 UTC
16-Mar-2023 02:04:13.768 INFO [main] org.apache.catalina.startup.VersionLoggerListener.log Server version number: 10.1.5.0
16-Mar-2023 02:04:13.769 INFO [main] org.apache.catalina.startup.VersionLoggerListener.log OS Name:               Mac OS X
16-Mar-2023 02:04:13.769 INFO [main] org.apache.catalina.startup.VersionLoggerListener.log OS Version:            13.0
16-Mar-2023 02:04:13.769 INFO [main] org.apache.catalina.startup.VersionLoggerListener.log Architecture:          aarch64
16-Mar-2023 02:04:13.769 INFO [main] org.apache.catalina.startup.VersionLoggerListener.log Java Home:             /Library/Java/JavaVirtualMachines/jdk-19.jdk/Contents/Home
16-Mar-2023 02:04:13.769 INFO [main] org.apache.catalina.startup.VersionLoggerListener.log JVM Version:           19.0.2+7-44
16-Mar-2023 02:04:13.769 INFO [main] org.apache.catalina.startup.VersionLoggerListener.log JVM Vendor:            Oracle Corporation
16-Mar-2023 02:04:13.769 INFO [main] org.apache.catalina.startup.VersionLoggerListener.log CATALINA_BASE:         /Users/edmersonlow/Desktop/Web Development/E-Commerce-Website-IM2073-Project/tomcat
16-Mar-2023 02:04:13.769 INFO [main] org.apache.catalina.startup.VersionLoggerListener.log CATALINA_HOME:         /Users/edmersonlow/Desktop/Web Development/E-Commerce-Website-IM2073-Project/tomcat
16-Mar-2023 02:04:13.773 INFO [main] org.apache.catalina.startup.VersionLoggerListener.log Command line argument: -Djava.util.logging.config.file=/Users/edmersonlow/Desktop/Web Development/E-Commerce-Website-IM2073-Project/tomcat/conf/logging.properties
16-Mar-2023 02:04:13.773 INFO [main] org.apache.catalina.startup.VersionLoggerListener.log Command line argument: -Djava.util.logging.manager=org.apache.juli.ClassLoaderLogManager
16-Mar-2023 02:04:13.774 INFO [main] org.apache.catalina.startup.VersionLoggerListener.log Command line argument: -Djdk.tls.ephemeralDHKeySize=2048
16-Mar-2023 02:04:13.774 INFO [main] org.apache.catalina.startup.VersionLoggerListener.log Command line argument: -Djava.protocol.handler.pkgs=org.apache.catalina.webresources
16-Mar-2023 02:04:13.774 INFO [main] org.apache.catalina.startup.VersionLoggerListener.log Command line argument: -Dorg.apache.catalina.security.SecurityListener.UMASK=0027
16-Mar-2023 02:04:13.774 INFO [main] org.apache.catalina.startup.VersionLoggerListener.log Command line argument: --add-opens=java.base/java.lang=ALL-UNNAMED
16-Mar-2023 02:04:13.774 INFO [main] org.apache.catalina.startup.VersionLoggerListener.log Command line argument: --add-opens=java.base/java.io=ALL-UNNAMED
16-Mar-2023 02:04:13.774 INFO [main] org.apache.catalina.startup.VersionLoggerListener.log Command line argument: --add-opens=java.base/java.util=ALL-UNNAMED
16-Mar-2023 02:04:13.774 INFO [main] org.apache.catalina.startup.VersionLoggerListener.log Command line argument: --add-opens=java.base/java.util.concurrent=ALL-UNNAMED
16-Mar-2023 02:04:13.774 INFO [main] org.apache.catalina.startup.VersionLoggerListener.log Command line argument: --add-opens=java.rmi/sun.rmi.transport=ALL-UNNAMED
16-Mar-2023 02:04:13.774 INFO [main] org.apache.catalina.startup.VersionLoggerListener.log Command line argument: -Dcatalina.base=/Users/edmersonlow/Desktop/Web Development/E-Commerce-Website-IM2073-Project/tomcat
16-Mar-2023 02:04:13.774 INFO [main] org.apache.catalina.startup.VersionLoggerListener.log Command line argument: -Dcatalina.home=/Users/edmersonlow/Desktop/Web Development/E-Commerce-Website-IM2073-Project/tomcat
16-Mar-2023 02:04:13.774 INFO [main] org.apache.catalina.startup.VersionLoggerListener.log Command line argument: -Djava.io.tmpdir=/Users/edmersonlow/Desktop/Web Development/E-Commerce-Website-IM2073-Project/tomcat/temp
16-Mar-2023 02:04:13.780 INFO [main] org.apache.catalina.core.AprLifecycleListener.lifecycleEvent The Apache Tomcat Native library which allows using OpenSSL was not found on the java.library.path: [/Users/edmersonlow/Library/Java/Extensions:/Library/Java/Extensions:/Network/Library/Java/Extensions:/System/Library/Java/Extensions:/usr/lib/java:.]
16-Mar-2023 02:04:13.939 INFO [main] org.apache.coyote.AbstractProtocol.init Initializing ProtocolHandler ["http-nio-9999"]
16-Mar-2023 02:04:13.952 INFO [main] org.apache.catalina.startup.Catalina.load Server initialization in [269] milliseconds
16-Mar-2023 02:04:13.967 INFO [main] org.apache.catalina.core.StandardService.startInternal Starting service [Catalina]
16-Mar-2023 02:04:13.967 INFO [main] org.apache.catalina.core.StandardEngine.startInternal Starting Servlet engine: [Apache Tomcat/10.1.5]
16-Mar-2023 02:04:13.971 INFO [main] org.apache.catalina.startup.HostConfig.deployDirectory Deploying web application directory [/Users/edmersonlow/Desktop/Web Development/E-Commerce-Website-IM2073-Project/tomcat/webapps/docs]
16-Mar-2023 02:04:14.281 INFO [main] org.apache.jasper.servlet.TldScanner.scanJars At least one JAR was scanned for TLDs yet contained no TLDs. Enable debug logging for this logger for a complete list of JARs that were scanned but no TLDs were found in them. Skipping unneeded JARs during scanning can improve startup time and JSP compilation time.
16-Mar-2023 02:04:14.300 INFO [main] org.apache.catalina.startup.HostConfig.deployDirectory Deployment of web application directory [/Users/edmersonlow/Desktop/Web Development/E-Commerce-Website-IM2073-Project/tomcat/webapps/docs] has finished in [329] ms
16-Mar-2023 02:04:14.300 INFO [main] org.apache.catalina.startup.HostConfig.deployDirectory Deploying web application directory [/Users/edmersonlow/Desktop/Web Development/E-Commerce-Website-IM2073-Project/tomcat/webapps/personalwebsite]
16-Mar-2023 02:04:14.479 INFO [main] org.apache.jasper.servlet.TldScanner.scanJars At least one JAR was scanned for TLDs yet contained no TLDs. Enable debug logging for this logger for a complete list of JARs that were scanned but no TLDs were found in them. Skipping unneeded JARs during scanning can improve startup time and JSP compilation time.
16-Mar-2023 02:04:14.483 INFO [main] org.apache.catalina.startup.HostConfig.deployDirectory Deployment of web application directory [/Users/edmersonlow/Desktop/Web Development/E-Commerce-Website-IM2073-Project/tomcat/webapps/personalwebsite] has finished in [182] ms
16-Mar-2023 02:04:14.483 INFO [main] org.apache.catalina.startup.HostConfig.deployDirectory Deploying web application directory [/Users/edmersonlow/Desktop/Web Development/E-Commerce-Website-IM2073-Project/tomcat/webapps/manager]
16-Mar-2023 02:04:14.668 INFO [main] org.apache.jasper.servlet.TldScanner.scanJars At least one JAR was scanned for TLDs yet contained no TLDs. Enable debug logging for this logger for a complete list of JARs that were scanned but no TLDs were found in them. Skipping unneeded JARs during scanning can improve startup time and JSP compilation time.
16-Mar-2023 02:04:14.672 INFO [main] org.apache.catalina.startup.HostConfig.deployDirectory Deployment of web application directory [/Users/edmersonlow/Desktop/Web Development/E-Commerce-Website-IM2073-Project/tomcat/webapps/manager] has finished in [188] ms
16-Mar-2023 02:04:14.672 INFO [main] org.apache.catalina.startup.HostConfig.deployDirectory Deploying web application directory [/Users/edmersonlow/Desktop/Web Development/E-Commerce-Website-IM2073-Project/tomcat/webapps/im2073]
16-Mar-2023 02:04:14.845 INFO [main] org.apache.jasper.servlet.TldScanner.scanJars At least one JAR was scanned for TLDs yet contained no TLDs. Enable debug logging for this logger for a complete list of JARs that were scanned but no TLDs were found in them. Skipping unneeded JARs during scanning can improve startup time and JSP compilation time.
16-Mar-2023 02:04:14.846 INFO [main] org.apache.catalina.startup.HostConfig.deployDirectory Deployment of web application directory [/Users/edmersonlow/Desktop/Web Development/E-Commerce-Website-IM2073-Project/tomcat/webapps/im2073] has finished in [174] ms
16-Mar-2023 02:04:14.846 INFO [main] org.apache.catalina.startup.HostConfig.deployDirectory Deploying web application directory [/Users/edmersonlow/Desktop/Web Development/E-Commerce-Website-IM2073-Project/tomcat/webapps/examples]
16-Mar-2023 02:04:15.096 INFO [main] org.apache.jasper.servlet.TldScanner.scanJars At least one JAR was scanned for TLDs yet contained no TLDs. Enable debug logging for this logger for a complete list of JARs that were scanned but no TLDs were found in them. Skipping unneeded JARs during scanning can improve startup time and JSP compilation time.
16-Mar-2023 02:04:15.105 INFO [main] org.apache.catalina.startup.HostConfig.deployDirectory Deployment of web application directory [/Users/edmersonlow/Desktop/Web Development/E-Commerce-Website-IM2073-Project/tomcat/webapps/examples] has finished in [258] ms
16-Mar-2023 02:04:15.105 INFO [main] org.apache.catalina.startup.HostConfig.deployDirectory Deploying web application directory [/Users/edmersonlow/Desktop/Web Development/E-Commerce-Website-IM2073-Project/tomcat/webapps/ROOT]
16-Mar-2023 02:04:15.267 INFO [main] org.apache.jasper.servlet.TldScanner.scanJars At least one JAR was scanned for TLDs yet contained no TLDs. Enable debug logging for this logger for a complete list of JARs that were scanned but no TLDs were found in them. Skipping unneeded JARs during scanning can improve startup time and JSP compilation time.
16-Mar-2023 02:04:15.268 INFO [main] org.apache.catalina.startup.HostConfig.deployDirectory Deployment of web application directory [/Users/edmersonlow/Desktop/Web Development/E-Commerce-Website-IM2073-Project/tomcat/webapps/ROOT] has finished in [163] ms
16-Mar-2023 02:04:15.268 INFO [main] org.apache.catalina.startup.HostConfig.deployDirectory Deploying web application directory [/Users/edmersonlow/Desktop/Web Development/E-Commerce-Website-IM2073-Project/tomcat/webapps/lowdingshop]
16-Mar-2023 02:04:15.442 INFO [main] org.apache.jasper.servlet.TldScanner.scanJars At least one JAR was scanned for TLDs yet contained no TLDs. Enable debug logging for this logger for a complete list of JARs that were scanned but no TLDs were found in them. Skipping unneeded JARs during scanning can improve startup time and JSP compilation time.
16-Mar-2023 02:04:15.443 INFO [main] org.apache.catalina.startup.HostConfig.deployDirectory Deployment of web application directory [/Users/edmersonlow/Desktop/Web Development/E-Commerce-Website-IM2073-Project/tomcat/webapps/lowdingshop] has finished in [175] ms
16-Mar-2023 02:04:15.443 INFO [main] org.apache.catalina.startup.HostConfig.deployDirectory Deploying web application directory [/Users/edmersonlow/Desktop/Web Development/E-Commerce-Website-IM2073-Project/tomcat/webapps/main]
16-Mar-2023 02:04:15.618 INFO [main] org.apache.jasper.servlet.TldScanner.scanJars At least one JAR was scanned for TLDs yet contained no TLDs. Enable debug logging for this logger for a complete list of JARs that were scanned but no TLDs were found in them. Skipping unneeded JARs during scanning can improve startup time and JSP compilation time.
16-Mar-2023 02:04:15.619 INFO [main] org.apache.catalina.startup.HostConfig.deployDirectory Deployment of web application directory [/Users/edmersonlow/Desktop/Web Development/E-Commerce-Website-IM2073-Project/tomcat/webapps/main] has finished in [176] ms
16-Mar-2023 02:04:15.619 INFO [main] org.apache.catalina.startup.HostConfig.deployDirectory Deploying web application directory [/Users/edmersonlow/Desktop/Web Development/E-Commerce-Website-IM2073-Project/tomcat/webapps/host-manager]
16-Mar-2023 02:04:15.782 INFO [main] org.apache.jasper.servlet.TldScanner.scanJars At least one JAR was scanned for TLDs yet contained no TLDs. Enable debug logging for this logger for a complete list of JARs that were scanned but no TLDs were found in them. Skipping unneeded JARs during scanning can improve startup time and JSP compilation time.
16-Mar-2023 02:04:15.783 INFO [main] org.apache.catalina.startup.HostConfig.deployDirectory Deployment of web application directory [/Users/edmersonlow/Desktop/Web Development/E-Commerce-Website-IM2073-Project/tomcat/webapps/host-manager] has finished in [164] ms
16-Mar-2023 02:04:15.783 INFO [main] org.apache.coyote.AbstractProtocol.start Starting ProtocolHandler ["http-nio-9999"]
16-Mar-2023 02:04:15.789 INFO [main] org.apache.catalina.startup.Catalina.start Server startup in [1836] milliseconds
16-Mar-2023 10:03:04.135 INFO [Catalina-utility-2] org.apache.catalina.core.StandardContext.reload Reloading Context with name [/lowdingshop] has started
16-Mar-2023 10:03:04.372 INFO [Catalina-utility-2] org.apache.jasper.servlet.TldScanner.scanJars At least one JAR was scanned for TLDs yet contained no TLDs. Enable debug logging for this logger for a complete list of JARs that were scanned but no TLDs were found in them. Skipping unneeded JARs during scanning can improve startup time and JSP compilation time.
16-Mar-2023 10:03:04.375 INFO [Catalina-utility-2] org.apache.catalina.core.StandardContext.reload Reloading Context with name [/lowdingshop] is completed
