12-Mar-2023 13:45:55.113 INFO [Thread-1] org.apache.coyote.AbstractProtocol.pause Pausing ProtocolHandler ["http-nio-9999"]
12-Mar-2023 13:45:55.132 INFO [Thread-1] org.apache.catalina.core.StandardService.stopInternal Stopping service [Catalina]
12-Mar-2023 13:45:55.219 INFO [Thread-1] org.apache.coyote.AbstractProtocol.stop Stopping ProtocolHandler ["http-nio-9999"]
12-Mar-2023 13:45:55.252 INFO [Thread-1] org.apache.coyote.AbstractProtocol.destroy Destroying ProtocolHandler ["http-nio-9999"]
12-Mar-2023 20:13:59.773 INFO [main] org.apache.catalina.startup.VersionLoggerListener.log Server version name:   Apache Tomcat/10.1.5
12-Mar-2023 20:13:59.775 INFO [main] org.apache.catalina.startup.VersionLoggerListener.log Server built:          Jan 9 2023 19:52:50 UTC
12-Mar-2023 20:13:59.776 INFO [main] org.apache.catalina.startup.VersionLoggerListener.log Server version number: 10.1.5.0
12-Mar-2023 20:13:59.776 INFO [main] org.apache.catalina.startup.VersionLoggerListener.log OS Name:               Mac OS X
12-Mar-2023 20:13:59.776 INFO [main] org.apache.catalina.startup.VersionLoggerListener.log OS Version:            13.0
12-Mar-2023 20:13:59.776 INFO [main] org.apache.catalina.startup.VersionLoggerListener.log Architecture:          aarch64
12-Mar-2023 20:13:59.776 INFO [main] org.apache.catalina.startup.VersionLoggerListener.log Java Home:             /Library/Java/JavaVirtualMachines/jdk-19.jdk/Contents/Home
12-Mar-2023 20:13:59.776 INFO [main] org.apache.catalina.startup.VersionLoggerListener.log JVM Version:           19.0.2+7-44
12-Mar-2023 20:13:59.776 INFO [main] org.apache.catalina.startup.VersionLoggerListener.log JVM Vendor:            Oracle Corporation
12-Mar-2023 20:13:59.776 INFO [main] org.apache.catalina.startup.VersionLoggerListener.log CATALINA_BASE:         /Users/edmersonlow/Desktop/Web Development/E-Commerce-Website-IM2073-Project/tomcat
12-Mar-2023 20:13:59.776 INFO [main] org.apache.catalina.startup.VersionLoggerListener.log CATALINA_HOME:         /Users/edmersonlow/Desktop/Web Development/E-Commerce-Website-IM2073-Project/tomcat
12-Mar-2023 20:13:59.825 INFO [main] org.apache.catalina.startup.VersionLoggerListener.log Command line argument: -Djava.util.logging.config.file=/Users/edmersonlow/Desktop/Web Development/E-Commerce-Website-IM2073-Project/tomcat/conf/logging.properties
12-Mar-2023 20:13:59.825 INFO [main] org.apache.catalina.startup.VersionLoggerListener.log Command line argument: -Djava.util.logging.manager=org.apache.juli.ClassLoaderLogManager
12-Mar-2023 20:13:59.825 INFO [main] org.apache.catalina.startup.VersionLoggerListener.log Command line argument: -Djdk.tls.ephemeralDHKeySize=2048
12-Mar-2023 20:13:59.825 INFO [main] org.apache.catalina.startup.VersionLoggerListener.log Command line argument: -Djava.protocol.handler.pkgs=org.apache.catalina.webresources
12-Mar-2023 20:13:59.825 INFO [main] org.apache.catalina.startup.VersionLoggerListener.log Command line argument: -Dorg.apache.catalina.security.SecurityListener.UMASK=0027
12-Mar-2023 20:13:59.825 INFO [main] org.apache.catalina.startup.VersionLoggerListener.log Command line argument: --add-opens=java.base/java.lang=ALL-UNNAMED
12-Mar-2023 20:13:59.825 INFO [main] org.apache.catalina.startup.VersionLoggerListener.log Command line argument: --add-opens=java.base/java.io=ALL-UNNAMED
12-Mar-2023 20:13:59.825 INFO [main] org.apache.catalina.startup.VersionLoggerListener.log Command line argument: --add-opens=java.base/java.util=ALL-UNNAMED
12-Mar-2023 20:13:59.825 INFO [main] org.apache.catalina.startup.VersionLoggerListener.log Command line argument: --add-opens=java.base/java.util.concurrent=ALL-UNNAMED
12-Mar-2023 20:13:59.825 INFO [main] org.apache.catalina.startup.VersionLoggerListener.log Command line argument: --add-opens=java.rmi/sun.rmi.transport=ALL-UNNAMED
12-Mar-2023 20:13:59.825 INFO [main] org.apache.catalina.startup.VersionLoggerListener.log Command line argument: -Dcatalina.base=/Users/edmersonlow/Desktop/Web Development/E-Commerce-Website-IM2073-Project/tomcat
12-Mar-2023 20:13:59.825 INFO [main] org.apache.catalina.startup.VersionLoggerListener.log Command line argument: -Dcatalina.home=/Users/edmersonlow/Desktop/Web Development/E-Commerce-Website-IM2073-Project/tomcat
12-Mar-2023 20:13:59.825 INFO [main] org.apache.catalina.startup.VersionLoggerListener.log Command line argument: -Djava.io.tmpdir=/Users/edmersonlow/Desktop/Web Development/E-Commerce-Website-IM2073-Project/tomcat/temp
12-Mar-2023 20:13:59.831 INFO [main] org.apache.catalina.core.AprLifecycleListener.lifecycleEvent The Apache Tomcat Native library which allows using OpenSSL was not found on the java.library.path: [/Users/edmersonlow/Library/Java/Extensions:/Library/Java/Extensions:/Network/Library/Java/Extensions:/System/Library/Java/Extensions:/usr/lib/java:.]
12-Mar-2023 20:14:00.008 INFO [main] org.apache.coyote.AbstractProtocol.init Initializing ProtocolHandler ["http-nio-9999"]
12-Mar-2023 20:14:00.024 INFO [main] org.apache.catalina.startup.Catalina.load Server initialization in [350] milliseconds
12-Mar-2023 20:14:00.044 INFO [main] org.apache.catalina.core.StandardService.startInternal Starting service [Catalina]
12-Mar-2023 20:14:00.044 INFO [main] org.apache.catalina.core.StandardEngine.startInternal Starting Servlet engine: [Apache Tomcat/10.1.5]
12-Mar-2023 20:14:00.049 INFO [main] org.apache.catalina.startup.HostConfig.deployDirectory Deploying web application directory [/Users/edmersonlow/Desktop/Web Development/E-Commerce-Website-IM2073-Project/tomcat/webapps/docs]
12-Mar-2023 20:14:00.406 INFO [main] org.apache.jasper.servlet.TldScanner.scanJars At least one JAR was scanned for TLDs yet contained no TLDs. Enable debug logging for this logger for a complete list of JARs that were scanned but no TLDs were found in them. Skipping unneeded JARs during scanning can improve startup time and JSP compilation time.
12-Mar-2023 20:14:00.430 INFO [main] org.apache.catalina.startup.HostConfig.deployDirectory Deployment of web application directory [/Users/edmersonlow/Desktop/Web Development/E-Commerce-Website-IM2073-Project/tomcat/webapps/docs] has finished in [381] ms
12-Mar-2023 20:14:00.430 INFO [main] org.apache.catalina.startup.HostConfig.deployDirectory Deploying web application directory [/Users/edmersonlow/Desktop/Web Development/E-Commerce-Website-IM2073-Project/tomcat/webapps/personalwebsite]
12-Mar-2023 20:14:00.625 INFO [main] org.apache.jasper.servlet.TldScanner.scanJars At least one JAR was scanned for TLDs yet contained no TLDs. Enable debug logging for this logger for a complete list of JARs that were scanned but no TLDs were found in them. Skipping unneeded JARs during scanning can improve startup time and JSP compilation time.
12-Mar-2023 20:14:00.629 INFO [main] org.apache.catalina.startup.HostConfig.deployDirectory Deployment of web application directory [/Users/edmersonlow/Desktop/Web Development/E-Commerce-Website-IM2073-Project/tomcat/webapps/personalwebsite] has finished in [199] ms
12-Mar-2023 20:14:00.629 INFO [main] org.apache.catalina.startup.HostConfig.deployDirectory Deploying web application directory [/Users/edmersonlow/Desktop/Web Development/E-Commerce-Website-IM2073-Project/tomcat/webapps/manager]
12-Mar-2023 20:14:00.815 INFO [main] org.apache.jasper.servlet.TldScanner.scanJars At least one JAR was scanned for TLDs yet contained no TLDs. Enable debug logging for this logger for a complete list of JARs that were scanned but no TLDs were found in them. Skipping unneeded JARs during scanning can improve startup time and JSP compilation time.
12-Mar-2023 20:14:00.820 INFO [main] org.apache.catalina.startup.HostConfig.deployDirectory Deployment of web application directory [/Users/edmersonlow/Desktop/Web Development/E-Commerce-Website-IM2073-Project/tomcat/webapps/manager] has finished in [191] ms
12-Mar-2023 20:14:00.820 INFO [main] org.apache.catalina.startup.HostConfig.deployDirectory Deploying web application directory [/Users/edmersonlow/Desktop/Web Development/E-Commerce-Website-IM2073-Project/tomcat/webapps/im2073]
12-Mar-2023 20:14:00.996 INFO [main] org.apache.jasper.servlet.TldScanner.scanJars At least one JAR was scanned for TLDs yet contained no TLDs. Enable debug logging for this logger for a complete list of JARs that were scanned but no TLDs were found in them. Skipping unneeded JARs during scanning can improve startup time and JSP compilation time.
12-Mar-2023 20:14:00.997 INFO [main] org.apache.catalina.startup.HostConfig.deployDirectory Deployment of web application directory [/Users/edmersonlow/Desktop/Web Development/E-Commerce-Website-IM2073-Project/tomcat/webapps/im2073] has finished in [177] ms
12-Mar-2023 20:14:00.997 INFO [main] org.apache.catalina.startup.HostConfig.deployDirectory Deploying web application directory [/Users/edmersonlow/Desktop/Web Development/E-Commerce-Website-IM2073-Project/tomcat/webapps/examples]
12-Mar-2023 20:14:01.246 INFO [main] org.apache.jasper.servlet.TldScanner.scanJars At least one JAR was scanned for TLDs yet contained no TLDs. Enable debug logging for this logger for a complete list of JARs that were scanned but no TLDs were found in them. Skipping unneeded JARs during scanning can improve startup time and JSP compilation time.
12-Mar-2023 20:14:01.255 INFO [main] org.apache.catalina.startup.HostConfig.deployDirectory Deployment of web application directory [/Users/edmersonlow/Desktop/Web Development/E-Commerce-Website-IM2073-Project/tomcat/webapps/examples] has finished in [258] ms
12-Mar-2023 20:14:01.255 INFO [main] org.apache.catalina.startup.HostConfig.deployDirectory Deploying web application directory [/Users/edmersonlow/Desktop/Web Development/E-Commerce-Website-IM2073-Project/tomcat/webapps/ROOT]
12-Mar-2023 20:14:01.432 INFO [main] org.apache.jasper.servlet.TldScanner.scanJars At least one JAR was scanned for TLDs yet contained no TLDs. Enable debug logging for this logger for a complete list of JARs that were scanned but no TLDs were found in them. Skipping unneeded JARs during scanning can improve startup time and JSP compilation time.
12-Mar-2023 20:14:01.433 INFO [main] org.apache.catalina.startup.HostConfig.deployDirectory Deployment of web application directory [/Users/edmersonlow/Desktop/Web Development/E-Commerce-Website-IM2073-Project/tomcat/webapps/ROOT] has finished in [178] ms
12-Mar-2023 20:14:01.433 INFO [main] org.apache.catalina.startup.HostConfig.deployDirectory Deploying web application directory [/Users/edmersonlow/Desktop/Web Development/E-Commerce-Website-IM2073-Project/tomcat/webapps/lowdingshop]
12-Mar-2023 20:14:01.605 INFO [main] org.apache.jasper.servlet.TldScanner.scanJars At least one JAR was scanned for TLDs yet contained no TLDs. Enable debug logging for this logger for a complete list of JARs that were scanned but no TLDs were found in them. Skipping unneeded JARs during scanning can improve startup time and JSP compilation time.
12-Mar-2023 20:14:01.607 INFO [main] org.apache.catalina.startup.HostConfig.deployDirectory Deployment of web application directory [/Users/edmersonlow/Desktop/Web Development/E-Commerce-Website-IM2073-Project/tomcat/webapps/lowdingshop] has finished in [174] ms
12-Mar-2023 20:14:01.607 INFO [main] org.apache.catalina.startup.HostConfig.deployDirectory Deploying web application directory [/Users/edmersonlow/Desktop/Web Development/E-Commerce-Website-IM2073-Project/tomcat/webapps/main]
12-Mar-2023 20:14:01.771 INFO [main] org.apache.jasper.servlet.TldScanner.scanJars At least one JAR was scanned for TLDs yet contained no TLDs. Enable debug logging for this logger for a complete list of JARs that were scanned but no TLDs were found in them. Skipping unneeded JARs during scanning can improve startup time and JSP compilation time.
12-Mar-2023 20:14:01.772 INFO [main] org.apache.catalina.startup.HostConfig.deployDirectory Deployment of web application directory [/Users/edmersonlow/Desktop/Web Development/E-Commerce-Website-IM2073-Project/tomcat/webapps/main] has finished in [165] ms
12-Mar-2023 20:14:01.772 INFO [main] org.apache.catalina.startup.HostConfig.deployDirectory Deploying web application directory [/Users/edmersonlow/Desktop/Web Development/E-Commerce-Website-IM2073-Project/tomcat/webapps/host-manager]
12-Mar-2023 20:14:01.942 INFO [main] org.apache.jasper.servlet.TldScanner.scanJars At least one JAR was scanned for TLDs yet contained no TLDs. Enable debug logging for this logger for a complete list of JARs that were scanned but no TLDs were found in them. Skipping unneeded JARs during scanning can improve startup time and JSP compilation time.
12-Mar-2023 20:14:01.943 INFO [main] org.apache.catalina.startup.HostConfig.deployDirectory Deployment of web application directory [/Users/edmersonlow/Desktop/Web Development/E-Commerce-Website-IM2073-Project/tomcat/webapps/host-manager] has finished in [171] ms
12-Mar-2023 20:14:01.944 INFO [main] org.apache.coyote.AbstractProtocol.start Starting ProtocolHandler ["http-nio-9999"]
12-Mar-2023 20:14:01.951 INFO [main] org.apache.catalina.startup.Catalina.start Server startup in [1926] milliseconds
12-Mar-2023 20:15:45.683 INFO [Thread-1] org.apache.coyote.AbstractProtocol.pause Pausing ProtocolHandler ["http-nio-9999"]
12-Mar-2023 20:15:45.687 INFO [Thread-1] org.apache.catalina.core.StandardService.stopInternal Stopping service [Catalina]
12-Mar-2023 20:15:45.719 INFO [Thread-1] org.apache.coyote.AbstractProtocol.stop Stopping ProtocolHandler ["http-nio-9999"]
12-Mar-2023 20:15:45.724 INFO [Thread-1] org.apache.coyote.AbstractProtocol.destroy Destroying ProtocolHandler ["http-nio-9999"]
