13-Mar-2023 22:45:58.508 INFO [main] org.apache.catalina.startup.VersionLoggerListener.log Server version name:   Apache Tomcat/10.1.5
13-Mar-2023 22:45:58.510 INFO [main] org.apache.catalina.startup.VersionLoggerListener.log Server built:          Jan 9 2023 19:52:50 UTC
13-Mar-2023 22:45:58.511 INFO [main] org.apache.catalina.startup.VersionLoggerListener.log Server version number: 10.1.5.0
13-Mar-2023 22:45:58.511 INFO [main] org.apache.catalina.startup.VersionLoggerListener.log OS Name:               Mac OS X
13-Mar-2023 22:45:58.511 INFO [main] org.apache.catalina.startup.VersionLoggerListener.log OS Version:            13.0
13-Mar-2023 22:45:58.511 INFO [main] org.apache.catalina.startup.VersionLoggerListener.log Architecture:          aarch64
13-Mar-2023 22:45:58.511 INFO [main] org.apache.catalina.startup.VersionLoggerListener.log Java Home:             /Library/Java/JavaVirtualMachines/jdk-19.jdk/Contents/Home
13-Mar-2023 22:45:58.511 INFO [main] org.apache.catalina.startup.VersionLoggerListener.log JVM Version:           19.0.2+7-44
13-Mar-2023 22:45:58.511 INFO [main] org.apache.catalina.startup.VersionLoggerListener.log JVM Vendor:            Oracle Corporation
13-Mar-2023 22:45:58.511 INFO [main] org.apache.catalina.startup.VersionLoggerListener.log CATALINA_BASE:         /Users/edmersonlow/Desktop/Web Development/E-Commerce-Website-IM2073-Project/tomcat
13-Mar-2023 22:45:58.511 INFO [main] org.apache.catalina.startup.VersionLoggerListener.log CATALINA_HOME:         /Users/edmersonlow/Desktop/Web Development/E-Commerce-Website-IM2073-Project/tomcat
13-Mar-2023 22:45:58.557 INFO [main] org.apache.catalina.startup.VersionLoggerListener.log Command line argument: -Djava.util.logging.config.file=/Users/edmersonlow/Desktop/Web Development/E-Commerce-Website-IM2073-Project/tomcat/conf/logging.properties
13-Mar-2023 22:45:58.557 INFO [main] org.apache.catalina.startup.VersionLoggerListener.log Command line argument: -Djava.util.logging.manager=org.apache.juli.ClassLoaderLogManager
13-Mar-2023 22:45:58.557 INFO [main] org.apache.catalina.startup.VersionLoggerListener.log Command line argument: -Djdk.tls.ephemeralDHKeySize=2048
13-Mar-2023 22:45:58.557 INFO [main] org.apache.catalina.startup.VersionLoggerListener.log Command line argument: -Djava.protocol.handler.pkgs=org.apache.catalina.webresources
13-Mar-2023 22:45:58.557 INFO [main] org.apache.catalina.startup.VersionLoggerListener.log Command line argument: -Dorg.apache.catalina.security.SecurityListener.UMASK=0027
13-Mar-2023 22:45:58.557 INFO [main] org.apache.catalina.startup.VersionLoggerListener.log Command line argument: --add-opens=java.base/java.lang=ALL-UNNAMED
13-Mar-2023 22:45:58.557 INFO [main] org.apache.catalina.startup.VersionLoggerListener.log Command line argument: --add-opens=java.base/java.io=ALL-UNNAMED
13-Mar-2023 22:45:58.557 INFO [main] org.apache.catalina.startup.VersionLoggerListener.log Command line argument: --add-opens=java.base/java.util=ALL-UNNAMED
13-Mar-2023 22:45:58.557 INFO [main] org.apache.catalina.startup.VersionLoggerListener.log Command line argument: --add-opens=java.base/java.util.concurrent=ALL-UNNAMED
13-Mar-2023 22:45:58.557 INFO [main] org.apache.catalina.startup.VersionLoggerListener.log Command line argument: --add-opens=java.rmi/sun.rmi.transport=ALL-UNNAMED
13-Mar-2023 22:45:58.557 INFO [main] org.apache.catalina.startup.VersionLoggerListener.log Command line argument: -Dcatalina.base=/Users/edmersonlow/Desktop/Web Development/E-Commerce-Website-IM2073-Project/tomcat
13-Mar-2023 22:45:58.557 INFO [main] org.apache.catalina.startup.VersionLoggerListener.log Command line argument: -Dcatalina.home=/Users/edmersonlow/Desktop/Web Development/E-Commerce-Website-IM2073-Project/tomcat
13-Mar-2023 22:45:58.558 INFO [main] org.apache.catalina.startup.VersionLoggerListener.log Command line argument: -Djava.io.tmpdir=/Users/edmersonlow/Desktop/Web Development/E-Commerce-Website-IM2073-Project/tomcat/temp
13-Mar-2023 22:45:58.565 INFO [main] org.apache.catalina.core.AprLifecycleListener.lifecycleEvent The Apache Tomcat Native library which allows using OpenSSL was not found on the java.library.path: [/Users/edmersonlow/Library/Java/Extensions:/Library/Java/Extensions:/Network/Library/Java/Extensions:/System/Library/Java/Extensions:/usr/lib/java:.]
13-Mar-2023 22:45:58.763 INFO [main] org.apache.coyote.AbstractProtocol.init Initializing ProtocolHandler ["http-nio-9999"]
13-Mar-2023 22:45:58.797 INFO [main] org.apache.catalina.startup.Catalina.load Server initialization in [396] milliseconds
13-Mar-2023 22:45:58.819 INFO [main] org.apache.catalina.core.StandardService.startInternal Starting service [Catalina]
13-Mar-2023 22:45:58.819 INFO [main] org.apache.catalina.core.StandardEngine.startInternal Starting Servlet engine: [Apache Tomcat/10.1.5]
13-Mar-2023 22:45:58.824 INFO [main] org.apache.catalina.startup.HostConfig.deployDirectory Deploying web application directory [/Users/edmersonlow/Desktop/Web Development/E-Commerce-Website-IM2073-Project/tomcat/webapps/docs]
13-Mar-2023 22:45:59.186 INFO [main] org.apache.jasper.servlet.TldScanner.scanJars At least one JAR was scanned for TLDs yet contained no TLDs. Enable debug logging for this logger for a complete list of JARs that were scanned but no TLDs were found in them. Skipping unneeded JARs during scanning can improve startup time and JSP compilation time.
13-Mar-2023 22:45:59.209 INFO [main] org.apache.catalina.startup.HostConfig.deployDirectory Deployment of web application directory [/Users/edmersonlow/Desktop/Web Development/E-Commerce-Website-IM2073-Project/tomcat/webapps/docs] has finished in [384] ms
13-Mar-2023 22:45:59.209 INFO [main] org.apache.catalina.startup.HostConfig.deployDirectory Deploying web application directory [/Users/edmersonlow/Desktop/Web Development/E-Commerce-Website-IM2073-Project/tomcat/webapps/personalwebsite]
13-Mar-2023 22:45:59.419 INFO [main] org.apache.jasper.servlet.TldScanner.scanJars At least one JAR was scanned for TLDs yet contained no TLDs. Enable debug logging for this logger for a complete list of JARs that were scanned but no TLDs were found in them. Skipping unneeded JARs during scanning can improve startup time and JSP compilation time.
13-Mar-2023 22:45:59.425 INFO [main] org.apache.catalina.startup.HostConfig.deployDirectory Deployment of web application directory [/Users/edmersonlow/Desktop/Web Development/E-Commerce-Website-IM2073-Project/tomcat/webapps/personalwebsite] has finished in [215] ms
13-Mar-2023 22:45:59.425 INFO [main] org.apache.catalina.startup.HostConfig.deployDirectory Deploying web application directory [/Users/edmersonlow/Desktop/Web Development/E-Commerce-Website-IM2073-Project/tomcat/webapps/manager]
13-Mar-2023 22:45:59.617 INFO [main] org.apache.jasper.servlet.TldScanner.scanJars At least one JAR was scanned for TLDs yet contained no TLDs. Enable debug logging for this logger for a complete list of JARs that were scanned but no TLDs were found in them. Skipping unneeded JARs during scanning can improve startup time and JSP compilation time.
13-Mar-2023 22:45:59.622 INFO [main] org.apache.catalina.startup.HostConfig.deployDirectory Deployment of web application directory [/Users/edmersonlow/Desktop/Web Development/E-Commerce-Website-IM2073-Project/tomcat/webapps/manager] has finished in [197] ms
13-Mar-2023 22:45:59.622 INFO [main] org.apache.catalina.startup.HostConfig.deployDirectory Deploying web application directory [/Users/edmersonlow/Desktop/Web Development/E-Commerce-Website-IM2073-Project/tomcat/webapps/im2073]
13-Mar-2023 22:45:59.803 INFO [main] org.apache.jasper.servlet.TldScanner.scanJars At least one JAR was scanned for TLDs yet contained no TLDs. Enable debug logging for this logger for a complete list of JARs that were scanned but no TLDs were found in them. Skipping unneeded JARs during scanning can improve startup time and JSP compilation time.
13-Mar-2023 22:45:59.805 INFO [main] org.apache.catalina.startup.HostConfig.deployDirectory Deployment of web application directory [/Users/edmersonlow/Desktop/Web Development/E-Commerce-Website-IM2073-Project/tomcat/webapps/im2073] has finished in [182] ms
13-Mar-2023 22:45:59.805 INFO [main] org.apache.catalina.startup.HostConfig.deployDirectory Deploying web application directory [/Users/edmersonlow/Desktop/Web Development/E-Commerce-Website-IM2073-Project/tomcat/webapps/examples]
13-Mar-2023 22:46:00.069 INFO [main] org.apache.jasper.servlet.TldScanner.scanJars At least one JAR was scanned for TLDs yet contained no TLDs. Enable debug logging for this logger for a complete list of JARs that were scanned but no TLDs were found in them. Skipping unneeded JARs during scanning can improve startup time and JSP compilation time.
13-Mar-2023 22:46:00.079 INFO [main] org.apache.catalina.startup.HostConfig.deployDirectory Deployment of web application directory [/Users/edmersonlow/Desktop/Web Development/E-Commerce-Website-IM2073-Project/tomcat/webapps/examples] has finished in [273] ms
13-Mar-2023 22:46:00.079 INFO [main] org.apache.catalina.startup.HostConfig.deployDirectory Deploying web application directory [/Users/edmersonlow/Desktop/Web Development/E-Commerce-Website-IM2073-Project/tomcat/webapps/ROOT]
13-Mar-2023 22:46:00.253 INFO [main] org.apache.jasper.servlet.TldScanner.scanJars At least one JAR was scanned for TLDs yet contained no TLDs. Enable debug logging for this logger for a complete list of JARs that were scanned but no TLDs were found in them. Skipping unneeded JARs during scanning can improve startup time and JSP compilation time.
13-Mar-2023 22:46:00.255 INFO [main] org.apache.catalina.startup.HostConfig.deployDirectory Deployment of web application directory [/Users/edmersonlow/Desktop/Web Development/E-Commerce-Website-IM2073-Project/tomcat/webapps/ROOT] has finished in [175] ms
13-Mar-2023 22:46:00.255 INFO [main] org.apache.catalina.startup.HostConfig.deployDirectory Deploying web application directory [/Users/edmersonlow/Desktop/Web Development/E-Commerce-Website-IM2073-Project/tomcat/webapps/lowdingshop]
13-Mar-2023 22:46:00.434 INFO [main] org.apache.jasper.servlet.TldScanner.scanJars At least one JAR was scanned for TLDs yet contained no TLDs. Enable debug logging for this logger for a complete list of JARs that were scanned but no TLDs were found in them. Skipping unneeded JARs during scanning can improve startup time and JSP compilation time.
13-Mar-2023 22:46:00.435 INFO [main] org.apache.catalina.startup.HostConfig.deployDirectory Deployment of web application directory [/Users/edmersonlow/Desktop/Web Development/E-Commerce-Website-IM2073-Project/tomcat/webapps/lowdingshop] has finished in [180] ms
13-Mar-2023 22:46:00.435 INFO [main] org.apache.catalina.startup.HostConfig.deployDirectory Deploying web application directory [/Users/edmersonlow/Desktop/Web Development/E-Commerce-Website-IM2073-Project/tomcat/webapps/main]
13-Mar-2023 22:46:00.614 INFO [main] org.apache.jasper.servlet.TldScanner.scanJars At least one JAR was scanned for TLDs yet contained no TLDs. Enable debug logging for this logger for a complete list of JARs that were scanned but no TLDs were found in them. Skipping unneeded JARs during scanning can improve startup time and JSP compilation time.
13-Mar-2023 22:46:00.615 INFO [main] org.apache.catalina.startup.HostConfig.deployDirectory Deployment of web application directory [/Users/edmersonlow/Desktop/Web Development/E-Commerce-Website-IM2073-Project/tomcat/webapps/main] has finished in [180] ms
13-Mar-2023 22:46:00.615 INFO [main] org.apache.catalina.startup.HostConfig.deployDirectory Deploying web application directory [/Users/edmersonlow/Desktop/Web Development/E-Commerce-Website-IM2073-Project/tomcat/webapps/host-manager]
13-Mar-2023 22:46:00.785 INFO [main] org.apache.jasper.servlet.TldScanner.scanJars At least one JAR was scanned for TLDs yet contained no TLDs. Enable debug logging for this logger for a complete list of JARs that were scanned but no TLDs were found in them. Skipping unneeded JARs during scanning can improve startup time and JSP compilation time.
13-Mar-2023 22:46:00.786 INFO [main] org.apache.catalina.startup.HostConfig.deployDirectory Deployment of web application directory [/Users/edmersonlow/Desktop/Web Development/E-Commerce-Website-IM2073-Project/tomcat/webapps/host-manager] has finished in [171] ms
13-Mar-2023 22:46:00.787 INFO [main] org.apache.coyote.AbstractProtocol.start Starting ProtocolHandler ["http-nio-9999"]
13-Mar-2023 22:46:00.794 INFO [main] org.apache.catalina.startup.Catalina.start Server startup in [1996] milliseconds
