23-Feb-2023 14:41:15.282 INFO [main] org.apache.catalina.startup.VersionLoggerListener.log Server version name:   Apache Tomcat/10.1.5
23-Feb-2023 14:41:15.284 INFO [main] org.apache.catalina.startup.VersionLoggerListener.log Server built:          Jan 9 2023 19:52:50 UTC
23-Feb-2023 14:41:15.284 INFO [main] org.apache.catalina.startup.VersionLoggerListener.log Server version number: 10.1.5.0
23-Feb-2023 14:41:15.284 INFO [main] org.apache.catalina.startup.VersionLoggerListener.log OS Name:               Mac OS X
23-Feb-2023 14:41:15.284 INFO [main] org.apache.catalina.startup.VersionLoggerListener.log OS Version:            13.0
23-Feb-2023 14:41:15.284 INFO [main] org.apache.catalina.startup.VersionLoggerListener.log Architecture:          aarch64
23-Feb-2023 14:41:15.285 INFO [main] org.apache.catalina.startup.VersionLoggerListener.log Java Home:             /Library/Java/JavaVirtualMachines/jdk-19.jdk/Contents/Home
23-Feb-2023 14:41:15.285 INFO [main] org.apache.catalina.startup.VersionLoggerListener.log JVM Version:           19.0.2+7-44
23-Feb-2023 14:41:15.285 INFO [main] org.apache.catalina.startup.VersionLoggerListener.log JVM Vendor:            Oracle Corporation
23-Feb-2023 14:41:15.285 INFO [main] org.apache.catalina.startup.VersionLoggerListener.log CATALINA_BASE:         /Users/edmersonlow/Desktop/E-Commerce-Website-IM2073-Project/tomcat
23-Feb-2023 14:41:15.285 INFO [main] org.apache.catalina.startup.VersionLoggerListener.log CATALINA_HOME:         /Users/edmersonlow/Desktop/E-Commerce-Website-IM2073-Project/tomcat
23-Feb-2023 14:41:15.293 INFO [main] org.apache.catalina.startup.VersionLoggerListener.log Command line argument: -Djava.util.logging.config.file=/Users/edmersonlow/desktop/E-Commerce-Website-IM2073-Project/tomcat/conf/logging.properties
23-Feb-2023 14:41:15.293 INFO [main] org.apache.catalina.startup.VersionLoggerListener.log Command line argument: -Djava.util.logging.manager=org.apache.juli.ClassLoaderLogManager
23-Feb-2023 14:41:15.293 INFO [main] org.apache.catalina.startup.VersionLoggerListener.log Command line argument: -Djdk.tls.ephemeralDHKeySize=2048
23-Feb-2023 14:41:15.293 INFO [main] org.apache.catalina.startup.VersionLoggerListener.log Command line argument: -Djava.protocol.handler.pkgs=org.apache.catalina.webresources
23-Feb-2023 14:41:15.293 INFO [main] org.apache.catalina.startup.VersionLoggerListener.log Command line argument: -Dorg.apache.catalina.security.SecurityListener.UMASK=0027
23-Feb-2023 14:41:15.293 INFO [main] org.apache.catalina.startup.VersionLoggerListener.log Command line argument: --add-opens=java.base/java.lang=ALL-UNNAMED
23-Feb-2023 14:41:15.293 INFO [main] org.apache.catalina.startup.VersionLoggerListener.log Command line argument: --add-opens=java.base/java.io=ALL-UNNAMED
23-Feb-2023 14:41:15.293 INFO [main] org.apache.catalina.startup.VersionLoggerListener.log Command line argument: --add-opens=java.base/java.util=ALL-UNNAMED
23-Feb-2023 14:41:15.293 INFO [main] org.apache.catalina.startup.VersionLoggerListener.log Command line argument: --add-opens=java.base/java.util.concurrent=ALL-UNNAMED
23-Feb-2023 14:41:15.293 INFO [main] org.apache.catalina.startup.VersionLoggerListener.log Command line argument: --add-opens=java.rmi/sun.rmi.transport=ALL-UNNAMED
23-Feb-2023 14:41:15.293 INFO [main] org.apache.catalina.startup.VersionLoggerListener.log Command line argument: -Dcatalina.base=/Users/edmersonlow/desktop/E-Commerce-Website-IM2073-Project/tomcat
23-Feb-2023 14:41:15.293 INFO [main] org.apache.catalina.startup.VersionLoggerListener.log Command line argument: -Dcatalina.home=/Users/edmersonlow/desktop/E-Commerce-Website-IM2073-Project/tomcat
23-Feb-2023 14:41:15.293 INFO [main] org.apache.catalina.startup.VersionLoggerListener.log Command line argument: -Djava.io.tmpdir=/Users/edmersonlow/desktop/E-Commerce-Website-IM2073-Project/tomcat/temp
23-Feb-2023 14:41:15.301 INFO [main] org.apache.catalina.core.AprLifecycleListener.lifecycleEvent The Apache Tomcat Native library which allows using OpenSSL was not found on the java.library.path: [/Users/edmersonlow/Library/Java/Extensions:/Library/Java/Extensions:/Network/Library/Java/Extensions:/System/Library/Java/Extensions:/usr/lib/java:.]
23-Feb-2023 14:41:15.477 INFO [main] org.apache.coyote.AbstractProtocol.init Initializing ProtocolHandler ["http-nio-8080"]
23-Feb-2023 14:41:15.492 INFO [main] org.apache.catalina.startup.Catalina.load Server initialization in [303] milliseconds
23-Feb-2023 14:41:15.509 INFO [main] org.apache.catalina.core.StandardService.startInternal Starting service [Catalina]
23-Feb-2023 14:41:15.509 INFO [main] org.apache.catalina.core.StandardEngine.startInternal Starting Servlet engine: [Apache Tomcat/10.1.5]
23-Feb-2023 14:41:15.514 INFO [main] org.apache.catalina.startup.HostConfig.deployDirectory Deploying web application directory [/Users/edmersonlow/Desktop/E-Commerce-Website-IM2073-Project/tomcat/webapps/IM2073Website-project]
23-Feb-2023 14:41:15.839 INFO [main] org.apache.jasper.servlet.TldScanner.scanJars At least one JAR was scanned for TLDs yet contained no TLDs. Enable debug logging for this logger for a complete list of JARs that were scanned but no TLDs were found in them. Skipping unneeded JARs during scanning can improve startup time and JSP compilation time.
23-Feb-2023 14:41:15.858 INFO [main] org.apache.catalina.startup.HostConfig.deployDirectory Deployment of web application directory [/Users/edmersonlow/Desktop/E-Commerce-Website-IM2073-Project/tomcat/webapps/IM2073Website-project] has finished in [344] ms
23-Feb-2023 14:41:15.858 INFO [main] org.apache.catalina.startup.HostConfig.deployDirectory Deploying web application directory [/Users/edmersonlow/Desktop/E-Commerce-Website-IM2073-Project/tomcat/webapps/docs]
23-Feb-2023 14:41:16.023 INFO [main] org.apache.jasper.servlet.TldScanner.scanJars At least one JAR was scanned for TLDs yet contained no TLDs. Enable debug logging for this logger for a complete list of JARs that were scanned but no TLDs were found in them. Skipping unneeded JARs during scanning can improve startup time and JSP compilation time.
23-Feb-2023 14:41:16.025 INFO [main] org.apache.catalina.startup.HostConfig.deployDirectory Deployment of web application directory [/Users/edmersonlow/Desktop/E-Commerce-Website-IM2073-Project/tomcat/webapps/docs] has finished in [166] ms
23-Feb-2023 14:41:16.025 INFO [main] org.apache.catalina.startup.HostConfig.deployDirectory Deploying web application directory [/Users/edmersonlow/Desktop/E-Commerce-Website-IM2073-Project/tomcat/webapps/manager]
23-Feb-2023 14:41:16.195 INFO [main] org.apache.jasper.servlet.TldScanner.scanJars At least one JAR was scanned for TLDs yet contained no TLDs. Enable debug logging for this logger for a complete list of JARs that were scanned but no TLDs were found in them. Skipping unneeded JARs during scanning can improve startup time and JSP compilation time.
23-Feb-2023 14:41:16.199 INFO [main] org.apache.catalina.startup.HostConfig.deployDirectory Deployment of web application directory [/Users/edmersonlow/Desktop/E-Commerce-Website-IM2073-Project/tomcat/webapps/manager] has finished in [174] ms
23-Feb-2023 14:41:16.199 INFO [main] org.apache.catalina.startup.HostConfig.deployDirectory Deploying web application directory [/Users/edmersonlow/Desktop/E-Commerce-Website-IM2073-Project/tomcat/webapps/examples]
23-Feb-2023 14:41:16.449 INFO [main] org.apache.jasper.servlet.TldScanner.scanJars At least one JAR was scanned for TLDs yet contained no TLDs. Enable debug logging for this logger for a complete list of JARs that were scanned but no TLDs were found in them. Skipping unneeded JARs during scanning can improve startup time and JSP compilation time.
23-Feb-2023 14:41:16.459 INFO [main] org.apache.catalina.startup.HostConfig.deployDirectory Deployment of web application directory [/Users/edmersonlow/Desktop/E-Commerce-Website-IM2073-Project/tomcat/webapps/examples] has finished in [259] ms
23-Feb-2023 14:41:16.459 INFO [main] org.apache.catalina.startup.HostConfig.deployDirectory Deploying web application directory [/Users/edmersonlow/Desktop/E-Commerce-Website-IM2073-Project/tomcat/webapps/ROOT]
23-Feb-2023 14:41:16.612 INFO [main] org.apache.jasper.servlet.TldScanner.scanJars At least one JAR was scanned for TLDs yet contained no TLDs. Enable debug logging for this logger for a complete list of JARs that were scanned but no TLDs were found in them. Skipping unneeded JARs during scanning can improve startup time and JSP compilation time.
23-Feb-2023 14:41:16.613 INFO [main] org.apache.catalina.startup.HostConfig.deployDirectory Deployment of web application directory [/Users/edmersonlow/Desktop/E-Commerce-Website-IM2073-Project/tomcat/webapps/ROOT] has finished in [154] ms
23-Feb-2023 14:41:16.613 INFO [main] org.apache.catalina.startup.HostConfig.deployDirectory Deploying web application directory [/Users/edmersonlow/Desktop/E-Commerce-Website-IM2073-Project/tomcat/webapps/main]
23-Feb-2023 14:41:16.770 INFO [main] org.apache.jasper.servlet.TldScanner.scanJars At least one JAR was scanned for TLDs yet contained no TLDs. Enable debug logging for this logger for a complete list of JARs that were scanned but no TLDs were found in them. Skipping unneeded JARs during scanning can improve startup time and JSP compilation time.
23-Feb-2023 14:41:16.771 INFO [main] org.apache.catalina.startup.HostConfig.deployDirectory Deployment of web application directory [/Users/edmersonlow/Desktop/E-Commerce-Website-IM2073-Project/tomcat/webapps/main] has finished in [158] ms
23-Feb-2023 14:41:16.771 INFO [main] org.apache.catalina.startup.HostConfig.deployDirectory Deploying web application directory [/Users/edmersonlow/Desktop/E-Commerce-Website-IM2073-Project/tomcat/webapps/host-manager]
23-Feb-2023 14:41:16.931 INFO [main] org.apache.jasper.servlet.TldScanner.scanJars At least one JAR was scanned for TLDs yet contained no TLDs. Enable debug logging for this logger for a complete list of JARs that were scanned but no TLDs were found in them. Skipping unneeded JARs during scanning can improve startup time and JSP compilation time.
23-Feb-2023 14:41:16.932 INFO [main] org.apache.catalina.startup.HostConfig.deployDirectory Deployment of web application directory [/Users/edmersonlow/Desktop/E-Commerce-Website-IM2073-Project/tomcat/webapps/host-manager] has finished in [161] ms
23-Feb-2023 14:41:16.934 INFO [main] org.apache.coyote.AbstractProtocol.start Starting ProtocolHandler ["http-nio-8080"]
23-Feb-2023 14:41:16.940 INFO [main] org.apache.catalina.startup.Catalina.start Server startup in [1446] milliseconds
23-Feb-2023 14:42:49.167 INFO [Thread-1] org.apache.coyote.AbstractProtocol.pause Pausing ProtocolHandler ["http-nio-8080"]
23-Feb-2023 14:42:49.178 INFO [Thread-1] org.apache.catalina.core.StandardService.stopInternal Stopping service [Catalina]
23-Feb-2023 14:42:49.208 INFO [Thread-1] org.apache.coyote.AbstractProtocol.stop Stopping ProtocolHandler ["http-nio-8080"]
23-Feb-2023 14:42:49.218 INFO [Thread-1] org.apache.coyote.AbstractProtocol.destroy Destroying ProtocolHandler ["http-nio-8080"]
23-Feb-2023 14:43:22.053 INFO [main] org.apache.catalina.startup.VersionLoggerListener.log Server version name:   Apache Tomcat/10.1.5
23-Feb-2023 14:43:22.055 INFO [main] org.apache.catalina.startup.VersionLoggerListener.log Server built:          Jan 9 2023 19:52:50 UTC
23-Feb-2023 14:43:22.055 INFO [main] org.apache.catalina.startup.VersionLoggerListener.log Server version number: 10.1.5.0
23-Feb-2023 14:43:22.055 INFO [main] org.apache.catalina.startup.VersionLoggerListener.log OS Name:               Mac OS X
23-Feb-2023 14:43:22.055 INFO [main] org.apache.catalina.startup.VersionLoggerListener.log OS Version:            13.0
23-Feb-2023 14:43:22.055 INFO [main] org.apache.catalina.startup.VersionLoggerListener.log Architecture:          aarch64
23-Feb-2023 14:43:22.055 INFO [main] org.apache.catalina.startup.VersionLoggerListener.log Java Home:             /Library/Java/JavaVirtualMachines/jdk-19.jdk/Contents/Home
23-Feb-2023 14:43:22.055 INFO [main] org.apache.catalina.startup.VersionLoggerListener.log JVM Version:           19.0.2+7-44
23-Feb-2023 14:43:22.055 INFO [main] org.apache.catalina.startup.VersionLoggerListener.log JVM Vendor:            Oracle Corporation
23-Feb-2023 14:43:22.056 INFO [main] org.apache.catalina.startup.VersionLoggerListener.log CATALINA_BASE:         /Users/edmersonlow/Desktop/E-Commerce-Website-IM2073-Project/tomcat
23-Feb-2023 14:43:22.056 INFO [main] org.apache.catalina.startup.VersionLoggerListener.log CATALINA_HOME:         /Users/edmersonlow/Desktop/E-Commerce-Website-IM2073-Project/tomcat
23-Feb-2023 14:43:22.061 INFO [main] org.apache.catalina.startup.VersionLoggerListener.log Command line argument: -Djava.util.logging.config.file=/Users/edmersonlow/desktop/E-Commerce-Website-IM2073-Project/tomcat/conf/logging.properties
23-Feb-2023 14:43:22.061 INFO [main] org.apache.catalina.startup.VersionLoggerListener.log Command line argument: -Djava.util.logging.manager=org.apache.juli.ClassLoaderLogManager
23-Feb-2023 14:43:22.061 INFO [main] org.apache.catalina.startup.VersionLoggerListener.log Command line argument: -Djdk.tls.ephemeralDHKeySize=2048
23-Feb-2023 14:43:22.061 INFO [main] org.apache.catalina.startup.VersionLoggerListener.log Command line argument: -Djava.protocol.handler.pkgs=org.apache.catalina.webresources
23-Feb-2023 14:43:22.061 INFO [main] org.apache.catalina.startup.VersionLoggerListener.log Command line argument: -Dorg.apache.catalina.security.SecurityListener.UMASK=0027
23-Feb-2023 14:43:22.061 INFO [main] org.apache.catalina.startup.VersionLoggerListener.log Command line argument: --add-opens=java.base/java.lang=ALL-UNNAMED
23-Feb-2023 14:43:22.061 INFO [main] org.apache.catalina.startup.VersionLoggerListener.log Command line argument: --add-opens=java.base/java.io=ALL-UNNAMED
23-Feb-2023 14:43:22.061 INFO [main] org.apache.catalina.startup.VersionLoggerListener.log Command line argument: --add-opens=java.base/java.util=ALL-UNNAMED
23-Feb-2023 14:43:22.062 INFO [main] org.apache.catalina.startup.VersionLoggerListener.log Command line argument: --add-opens=java.base/java.util.concurrent=ALL-UNNAMED
23-Feb-2023 14:43:22.062 INFO [main] org.apache.catalina.startup.VersionLoggerListener.log Command line argument: --add-opens=java.rmi/sun.rmi.transport=ALL-UNNAMED
23-Feb-2023 14:43:22.062 INFO [main] org.apache.catalina.startup.VersionLoggerListener.log Command line argument: -Dcatalina.base=/Users/edmersonlow/desktop/E-Commerce-Website-IM2073-Project/tomcat
23-Feb-2023 14:43:22.062 INFO [main] org.apache.catalina.startup.VersionLoggerListener.log Command line argument: -Dcatalina.home=/Users/edmersonlow/desktop/E-Commerce-Website-IM2073-Project/tomcat
23-Feb-2023 14:43:22.062 INFO [main] org.apache.catalina.startup.VersionLoggerListener.log Command line argument: -Djava.io.tmpdir=/Users/edmersonlow/desktop/E-Commerce-Website-IM2073-Project/tomcat/temp
23-Feb-2023 14:43:22.067 INFO [main] org.apache.catalina.core.AprLifecycleListener.lifecycleEvent The Apache Tomcat Native library which allows using OpenSSL was not found on the java.library.path: [/Users/edmersonlow/Library/Java/Extensions:/Library/Java/Extensions:/Network/Library/Java/Extensions:/System/Library/Java/Extensions:/usr/lib/java:.]
23-Feb-2023 14:43:22.226 INFO [main] org.apache.coyote.AbstractProtocol.init Initializing ProtocolHandler ["http-nio-8080"]
23-Feb-2023 14:43:22.240 INFO [main] org.apache.catalina.startup.Catalina.load Server initialization in [263] milliseconds
23-Feb-2023 14:43:22.255 INFO [main] org.apache.catalina.core.StandardService.startInternal Starting service [Catalina]
23-Feb-2023 14:43:22.255 INFO [main] org.apache.catalina.core.StandardEngine.startInternal Starting Servlet engine: [Apache Tomcat/10.1.5]
23-Feb-2023 14:43:22.259 INFO [main] org.apache.catalina.startup.HostConfig.deployDirectory Deploying web application directory [/Users/edmersonlow/Desktop/E-Commerce-Website-IM2073-Project/tomcat/webapps/IM2073Website-project]
23-Feb-2023 14:43:22.564 INFO [main] org.apache.jasper.servlet.TldScanner.scanJars At least one JAR was scanned for TLDs yet contained no TLDs. Enable debug logging for this logger for a complete list of JARs that were scanned but no TLDs were found in them. Skipping unneeded JARs during scanning can improve startup time and JSP compilation time.
23-Feb-2023 14:43:22.581 INFO [main] org.apache.catalina.startup.HostConfig.deployDirectory Deployment of web application directory [/Users/edmersonlow/Desktop/E-Commerce-Website-IM2073-Project/tomcat/webapps/IM2073Website-project] has finished in [322] ms
23-Feb-2023 14:43:22.581 INFO [main] org.apache.catalina.startup.HostConfig.deployDirectory Deploying web application directory [/Users/edmersonlow/Desktop/E-Commerce-Website-IM2073-Project/tomcat/webapps/docs]
23-Feb-2023 14:43:22.743 INFO [main] org.apache.jasper.servlet.TldScanner.scanJars At least one JAR was scanned for TLDs yet contained no TLDs. Enable debug logging for this logger for a complete list of JARs that were scanned but no TLDs were found in them. Skipping unneeded JARs during scanning can improve startup time and JSP compilation time.
23-Feb-2023 14:43:22.744 INFO [main] org.apache.catalina.startup.HostConfig.deployDirectory Deployment of web application directory [/Users/edmersonlow/Desktop/E-Commerce-Website-IM2073-Project/tomcat/webapps/docs] has finished in [163] ms
23-Feb-2023 14:43:22.744 INFO [main] org.apache.catalina.startup.HostConfig.deployDirectory Deploying web application directory [/Users/edmersonlow/Desktop/E-Commerce-Website-IM2073-Project/tomcat/webapps/manager]
23-Feb-2023 14:43:22.906 INFO [main] org.apache.jasper.servlet.TldScanner.scanJars At least one JAR was scanned for TLDs yet contained no TLDs. Enable debug logging for this logger for a complete list of JARs that were scanned but no TLDs were found in them. Skipping unneeded JARs during scanning can improve startup time and JSP compilation time.
23-Feb-2023 14:43:22.910 INFO [main] org.apache.catalina.startup.HostConfig.deployDirectory Deployment of web application directory [/Users/edmersonlow/Desktop/E-Commerce-Website-IM2073-Project/tomcat/webapps/manager] has finished in [166] ms
23-Feb-2023 14:43:22.911 INFO [main] org.apache.catalina.startup.HostConfig.deployDirectory Deploying web application directory [/Users/edmersonlow/Desktop/E-Commerce-Website-IM2073-Project/tomcat/webapps/examples]
23-Feb-2023 14:43:23.150 INFO [main] org.apache.jasper.servlet.TldScanner.scanJars At least one JAR was scanned for TLDs yet contained no TLDs. Enable debug logging for this logger for a complete list of JARs that were scanned but no TLDs were found in them. Skipping unneeded JARs during scanning can improve startup time and JSP compilation time.
23-Feb-2023 14:43:23.158 INFO [main] org.apache.catalina.startup.HostConfig.deployDirectory Deployment of web application directory [/Users/edmersonlow/Desktop/E-Commerce-Website-IM2073-Project/tomcat/webapps/examples] has finished in [247] ms
23-Feb-2023 14:43:23.159 INFO [main] org.apache.catalina.startup.HostConfig.deployDirectory Deploying web application directory [/Users/edmersonlow/Desktop/E-Commerce-Website-IM2073-Project/tomcat/webapps/ROOT]
23-Feb-2023 14:43:23.308 INFO [main] org.apache.jasper.servlet.TldScanner.scanJars At least one JAR was scanned for TLDs yet contained no TLDs. Enable debug logging for this logger for a complete list of JARs that were scanned but no TLDs were found in them. Skipping unneeded JARs during scanning can improve startup time and JSP compilation time.
23-Feb-2023 14:43:23.309 INFO [main] org.apache.catalina.startup.HostConfig.deployDirectory Deployment of web application directory [/Users/edmersonlow/Desktop/E-Commerce-Website-IM2073-Project/tomcat/webapps/ROOT] has finished in [151] ms
23-Feb-2023 14:43:23.309 INFO [main] org.apache.catalina.startup.HostConfig.deployDirectory Deploying web application directory [/Users/edmersonlow/Desktop/E-Commerce-Website-IM2073-Project/tomcat/webapps/main]
23-Feb-2023 14:43:23.463 INFO [main] org.apache.jasper.servlet.TldScanner.scanJars At least one JAR was scanned for TLDs yet contained no TLDs. Enable debug logging for this logger for a complete list of JARs that were scanned but no TLDs were found in them. Skipping unneeded JARs during scanning can improve startup time and JSP compilation time.
23-Feb-2023 14:43:23.464 INFO [main] org.apache.catalina.startup.HostConfig.deployDirectory Deployment of web application directory [/Users/edmersonlow/Desktop/E-Commerce-Website-IM2073-Project/tomcat/webapps/main] has finished in [155] ms
23-Feb-2023 14:43:23.464 INFO [main] org.apache.catalina.startup.HostConfig.deployDirectory Deploying web application directory [/Users/edmersonlow/Desktop/E-Commerce-Website-IM2073-Project/tomcat/webapps/host-manager]
23-Feb-2023 14:43:23.615 INFO [main] org.apache.jasper.servlet.TldScanner.scanJars At least one JAR was scanned for TLDs yet contained no TLDs. Enable debug logging for this logger for a complete list of JARs that were scanned but no TLDs were found in them. Skipping unneeded JARs during scanning can improve startup time and JSP compilation time.
23-Feb-2023 14:43:23.615 INFO [main] org.apache.catalina.startup.HostConfig.deployDirectory Deployment of web application directory [/Users/edmersonlow/Desktop/E-Commerce-Website-IM2073-Project/tomcat/webapps/host-manager] has finished in [151] ms
23-Feb-2023 14:43:23.617 INFO [main] org.apache.coyote.AbstractProtocol.start Starting ProtocolHandler ["http-nio-8080"]
23-Feb-2023 14:43:23.623 INFO [main] org.apache.catalina.startup.Catalina.start Server startup in [1381] milliseconds
23-Feb-2023 16:12:30.307 INFO [Catalina-utility-1] org.apache.catalina.startup.HostConfig.undeploy Undeploying context [/IM2073Website-project]
23-Feb-2023 16:17:10.556 INFO [Catalina-utility-2] org.apache.catalina.startup.HostConfig.deployDirectory Deploying web application directory [/Users/edmersonlow/Desktop/E-Commerce-Website-IM2073-Project/tomcat/webapps/IM2073]
23-Feb-2023 16:17:10.773 INFO [Catalina-utility-2] org.apache.jasper.servlet.TldScanner.scanJars At least one JAR was scanned for TLDs yet contained no TLDs. Enable debug logging for this logger for a complete list of JARs that were scanned but no TLDs were found in them. Skipping unneeded JARs during scanning can improve startup time and JSP compilation time.
23-Feb-2023 16:17:10.774 INFO [Catalina-utility-2] org.apache.catalina.startup.HostConfig.deployDirectory Deployment of web application directory [/Users/edmersonlow/Desktop/E-Commerce-Website-IM2073-Project/tomcat/webapps/IM2073] has finished in [218] ms
23-Feb-2023 16:20:30.864 INFO [Catalina-utility-1] org.apache.catalina.startup.HostConfig.deployDirectory Deploying web application directory [/Users/edmersonlow/Desktop/E-Commerce-Website-IM2073-Project/tomcat/webapps/hello]
23-Feb-2023 16:20:31.078 INFO [Catalina-utility-1] org.apache.jasper.servlet.TldScanner.scanJars At least one JAR was scanned for TLDs yet contained no TLDs. Enable debug logging for this logger for a complete list of JARs that were scanned but no TLDs were found in them. Skipping unneeded JARs during scanning can improve startup time and JSP compilation time.
23-Feb-2023 16:20:31.079 INFO [Catalina-utility-1] org.apache.catalina.startup.HostConfig.deployDirectory Deployment of web application directory [/Users/edmersonlow/Desktop/E-Commerce-Website-IM2073-Project/tomcat/webapps/hello] has finished in [214] ms
23-Feb-2023 16:20:51.593 INFO [Catalina-utility-2] org.apache.catalina.startup.HostConfig.undeploy Undeploying context [/hello]
23-Feb-2023 19:51:05.941 INFO [Thread-1] org.apache.coyote.AbstractProtocol.pause Pausing ProtocolHandler ["http-nio-8080"]
23-Feb-2023 19:51:05.957 INFO [Thread-1] org.apache.catalina.core.StandardService.stopInternal Stopping service [Catalina]
23-Feb-2023 19:51:05.980 INFO [Thread-1] org.apache.coyote.AbstractProtocol.stop Stopping ProtocolHandler ["http-nio-8080"]
23-Feb-2023 19:51:05.984 INFO [Thread-1] org.apache.coyote.AbstractProtocol.destroy Destroying ProtocolHandler ["http-nio-8080"]
23-Feb-2023 19:51:07.948 INFO [main] org.apache.catalina.startup.VersionLoggerListener.log Server version name:   Apache Tomcat/10.1.5
23-Feb-2023 19:51:07.951 INFO [main] org.apache.catalina.startup.VersionLoggerListener.log Server built:          Jan 9 2023 19:52:50 UTC
23-Feb-2023 19:51:07.951 INFO [main] org.apache.catalina.startup.VersionLoggerListener.log Server version number: 10.1.5.0
23-Feb-2023 19:51:07.951 INFO [main] org.apache.catalina.startup.VersionLoggerListener.log OS Name:               Mac OS X
23-Feb-2023 19:51:07.951 INFO [main] org.apache.catalina.startup.VersionLoggerListener.log OS Version:            13.0
23-Feb-2023 19:51:07.951 INFO [main] org.apache.catalina.startup.VersionLoggerListener.log Architecture:          aarch64
23-Feb-2023 19:51:07.951 INFO [main] org.apache.catalina.startup.VersionLoggerListener.log Java Home:             /Library/Java/JavaVirtualMachines/jdk-19.jdk/Contents/Home
23-Feb-2023 19:51:07.951 INFO [main] org.apache.catalina.startup.VersionLoggerListener.log JVM Version:           19.0.2+7-44
23-Feb-2023 19:51:07.951 INFO [main] org.apache.catalina.startup.VersionLoggerListener.log JVM Vendor:            Oracle Corporation
23-Feb-2023 19:51:07.951 INFO [main] org.apache.catalina.startup.VersionLoggerListener.log CATALINA_BASE:         /Users/edmersonlow/Desktop/E-Commerce-Website-IM2073-Project/tomcat
23-Feb-2023 19:51:07.951 INFO [main] org.apache.catalina.startup.VersionLoggerListener.log CATALINA_HOME:         /Users/edmersonlow/Desktop/E-Commerce-Website-IM2073-Project/tomcat
23-Feb-2023 19:51:07.959 INFO [main] org.apache.catalina.startup.VersionLoggerListener.log Command line argument: -Djava.util.logging.config.file=/Users/edmersonlow/desktop/E-Commerce-Website-IM2073-Project/tomcat/conf/logging.properties
23-Feb-2023 19:51:07.959 INFO [main] org.apache.catalina.startup.VersionLoggerListener.log Command line argument: -Djava.util.logging.manager=org.apache.juli.ClassLoaderLogManager
23-Feb-2023 19:51:07.959 INFO [main] org.apache.catalina.startup.VersionLoggerListener.log Command line argument: -Djdk.tls.ephemeralDHKeySize=2048
23-Feb-2023 19:51:07.959 INFO [main] org.apache.catalina.startup.VersionLoggerListener.log Command line argument: -Djava.protocol.handler.pkgs=org.apache.catalina.webresources
23-Feb-2023 19:51:07.959 INFO [main] org.apache.catalina.startup.VersionLoggerListener.log Command line argument: -Dorg.apache.catalina.security.SecurityListener.UMASK=0027
23-Feb-2023 19:51:07.959 INFO [main] org.apache.catalina.startup.VersionLoggerListener.log Command line argument: --add-opens=java.base/java.lang=ALL-UNNAMED
23-Feb-2023 19:51:07.960 INFO [main] org.apache.catalina.startup.VersionLoggerListener.log Command line argument: --add-opens=java.base/java.io=ALL-UNNAMED
23-Feb-2023 19:51:07.960 INFO [main] org.apache.catalina.startup.VersionLoggerListener.log Command line argument: --add-opens=java.base/java.util=ALL-UNNAMED
23-Feb-2023 19:51:07.960 INFO [main] org.apache.catalina.startup.VersionLoggerListener.log Command line argument: --add-opens=java.base/java.util.concurrent=ALL-UNNAMED
23-Feb-2023 19:51:07.960 INFO [main] org.apache.catalina.startup.VersionLoggerListener.log Command line argument: --add-opens=java.rmi/sun.rmi.transport=ALL-UNNAMED
23-Feb-2023 19:51:07.960 INFO [main] org.apache.catalina.startup.VersionLoggerListener.log Command line argument: -Dcatalina.base=/Users/edmersonlow/desktop/E-Commerce-Website-IM2073-Project/tomcat
23-Feb-2023 19:51:07.960 INFO [main] org.apache.catalina.startup.VersionLoggerListener.log Command line argument: -Dcatalina.home=/Users/edmersonlow/desktop/E-Commerce-Website-IM2073-Project/tomcat
23-Feb-2023 19:51:07.960 INFO [main] org.apache.catalina.startup.VersionLoggerListener.log Command line argument: -Djava.io.tmpdir=/Users/edmersonlow/desktop/E-Commerce-Website-IM2073-Project/tomcat/temp
23-Feb-2023 19:51:07.965 INFO [main] org.apache.catalina.core.AprLifecycleListener.lifecycleEvent The Apache Tomcat Native library which allows using OpenSSL was not found on the java.library.path: [/Users/edmersonlow/Library/Java/Extensions:/Library/Java/Extensions:/Network/Library/Java/Extensions:/System/Library/Java/Extensions:/usr/lib/java:.]
23-Feb-2023 19:51:08.134 INFO [main] org.apache.coyote.AbstractProtocol.init Initializing ProtocolHandler ["http-nio-8080"]
23-Feb-2023 19:51:08.150 INFO [main] org.apache.catalina.startup.Catalina.load Server initialization in [290] milliseconds
23-Feb-2023 19:51:08.169 INFO [main] org.apache.catalina.core.StandardService.startInternal Starting service [Catalina]
23-Feb-2023 19:51:08.169 INFO [main] org.apache.catalina.core.StandardEngine.startInternal Starting Servlet engine: [Apache Tomcat/10.1.5]
23-Feb-2023 19:51:08.173 INFO [main] org.apache.catalina.startup.HostConfig.deployDirectory Deploying web application directory [/Users/edmersonlow/Desktop/E-Commerce-Website-IM2073-Project/tomcat/webapps/docs]
23-Feb-2023 19:51:08.475 INFO [main] org.apache.jasper.servlet.TldScanner.scanJars At least one JAR was scanned for TLDs yet contained no TLDs. Enable debug logging for this logger for a complete list of JARs that were scanned but no TLDs were found in them. Skipping unneeded JARs during scanning can improve startup time and JSP compilation time.
23-Feb-2023 19:51:08.494 INFO [main] org.apache.catalina.startup.HostConfig.deployDirectory Deployment of web application directory [/Users/edmersonlow/Desktop/E-Commerce-Website-IM2073-Project/tomcat/webapps/docs] has finished in [321] ms
23-Feb-2023 19:51:08.494 INFO [main] org.apache.catalina.startup.HostConfig.deployDirectory Deploying web application directory [/Users/edmersonlow/Desktop/E-Commerce-Website-IM2073-Project/tomcat/webapps/manager]
23-Feb-2023 19:51:08.656 INFO [main] org.apache.jasper.servlet.TldScanner.scanJars At least one JAR was scanned for TLDs yet contained no TLDs. Enable debug logging for this logger for a complete list of JARs that were scanned but no TLDs were found in them. Skipping unneeded JARs during scanning can improve startup time and JSP compilation time.
23-Feb-2023 19:51:08.661 INFO [main] org.apache.catalina.startup.HostConfig.deployDirectory Deployment of web application directory [/Users/edmersonlow/Desktop/E-Commerce-Website-IM2073-Project/tomcat/webapps/manager] has finished in [167] ms
23-Feb-2023 19:51:08.661 INFO [main] org.apache.catalina.startup.HostConfig.deployDirectory Deploying web application directory [/Users/edmersonlow/Desktop/E-Commerce-Website-IM2073-Project/tomcat/webapps/IM2073]
23-Feb-2023 19:51:08.814 INFO [main] org.apache.jasper.servlet.TldScanner.scanJars At least one JAR was scanned for TLDs yet contained no TLDs. Enable debug logging for this logger for a complete list of JARs that were scanned but no TLDs were found in them. Skipping unneeded JARs during scanning can improve startup time and JSP compilation time.
23-Feb-2023 19:51:08.819 INFO [main] org.apache.catalina.startup.HostConfig.deployDirectory Deployment of web application directory [/Users/edmersonlow/Desktop/E-Commerce-Website-IM2073-Project/tomcat/webapps/IM2073] has finished in [158] ms
23-Feb-2023 19:51:08.819 INFO [main] org.apache.catalina.startup.HostConfig.deployDirectory Deploying web application directory [/Users/edmersonlow/Desktop/E-Commerce-Website-IM2073-Project/tomcat/webapps/examples]
23-Feb-2023 19:51:09.058 INFO [main] org.apache.jasper.servlet.TldScanner.scanJars At least one JAR was scanned for TLDs yet contained no TLDs. Enable debug logging for this logger for a complete list of JARs that were scanned but no TLDs were found in them. Skipping unneeded JARs during scanning can improve startup time and JSP compilation time.
23-Feb-2023 19:51:09.067 INFO [main] org.apache.catalina.startup.HostConfig.deployDirectory Deployment of web application directory [/Users/edmersonlow/Desktop/E-Commerce-Website-IM2073-Project/tomcat/webapps/examples] has finished in [248] ms
23-Feb-2023 19:51:09.068 INFO [main] org.apache.catalina.startup.HostConfig.deployDirectory Deploying web application directory [/Users/edmersonlow/Desktop/E-Commerce-Website-IM2073-Project/tomcat/webapps/ROOT]
23-Feb-2023 19:51:09.219 INFO [main] org.apache.jasper.servlet.TldScanner.scanJars At least one JAR was scanned for TLDs yet contained no TLDs. Enable debug logging for this logger for a complete list of JARs that were scanned but no TLDs were found in them. Skipping unneeded JARs during scanning can improve startup time and JSP compilation time.
23-Feb-2023 19:51:09.220 INFO [main] org.apache.catalina.startup.HostConfig.deployDirectory Deployment of web application directory [/Users/edmersonlow/Desktop/E-Commerce-Website-IM2073-Project/tomcat/webapps/ROOT] has finished in [152] ms
23-Feb-2023 19:51:09.220 INFO [main] org.apache.catalina.startup.HostConfig.deployDirectory Deploying web application directory [/Users/edmersonlow/Desktop/E-Commerce-Website-IM2073-Project/tomcat/webapps/main]
23-Feb-2023 19:51:09.376 INFO [main] org.apache.jasper.servlet.TldScanner.scanJars At least one JAR was scanned for TLDs yet contained no TLDs. Enable debug logging for this logger for a complete list of JARs that were scanned but no TLDs were found in them. Skipping unneeded JARs during scanning can improve startup time and JSP compilation time.
23-Feb-2023 19:51:09.377 INFO [main] org.apache.catalina.startup.HostConfig.deployDirectory Deployment of web application directory [/Users/edmersonlow/Desktop/E-Commerce-Website-IM2073-Project/tomcat/webapps/main] has finished in [157] ms
23-Feb-2023 19:51:09.377 INFO [main] org.apache.catalina.startup.HostConfig.deployDirectory Deploying web application directory [/Users/edmersonlow/Desktop/E-Commerce-Website-IM2073-Project/tomcat/webapps/host-manager]
23-Feb-2023 19:51:09.525 INFO [main] org.apache.jasper.servlet.TldScanner.scanJars At least one JAR was scanned for TLDs yet contained no TLDs. Enable debug logging for this logger for a complete list of JARs that were scanned but no TLDs were found in them. Skipping unneeded JARs during scanning can improve startup time and JSP compilation time.
23-Feb-2023 19:51:09.526 INFO [main] org.apache.catalina.startup.HostConfig.deployDirectory Deployment of web application directory [/Users/edmersonlow/Desktop/E-Commerce-Website-IM2073-Project/tomcat/webapps/host-manager] has finished in [148] ms
23-Feb-2023 19:51:09.527 INFO [main] org.apache.coyote.AbstractProtocol.start Starting ProtocolHandler ["http-nio-8080"]
23-Feb-2023 19:51:09.533 INFO [main] org.apache.catalina.startup.Catalina.start Server startup in [1382] milliseconds
23-Feb-2023 19:52:39.408 INFO [Thread-1] org.apache.coyote.AbstractProtocol.pause Pausing ProtocolHandler ["http-nio-8080"]
23-Feb-2023 19:52:39.415 INFO [Thread-1] org.apache.catalina.core.StandardService.stopInternal Stopping service [Catalina]
23-Feb-2023 19:52:39.440 INFO [Thread-1] org.apache.coyote.AbstractProtocol.stop Stopping ProtocolHandler ["http-nio-8080"]
23-Feb-2023 19:52:39.454 INFO [Thread-1] org.apache.coyote.AbstractProtocol.destroy Destroying ProtocolHandler ["http-nio-8080"]
23-Feb-2023 19:54:32.476 INFO [main] org.apache.catalina.startup.VersionLoggerListener.log Server version name:   Apache Tomcat/10.1.5
23-Feb-2023 19:54:32.479 INFO [main] org.apache.catalina.startup.VersionLoggerListener.log Server built:          Jan 9 2023 19:52:50 UTC
23-Feb-2023 19:54:32.479 INFO [main] org.apache.catalina.startup.VersionLoggerListener.log Server version number: 10.1.5.0
23-Feb-2023 19:54:32.479 INFO [main] org.apache.catalina.startup.VersionLoggerListener.log OS Name:               Mac OS X
23-Feb-2023 19:54:32.479 INFO [main] org.apache.catalina.startup.VersionLoggerListener.log OS Version:            13.0
23-Feb-2023 19:54:32.479 INFO [main] org.apache.catalina.startup.VersionLoggerListener.log Architecture:          aarch64
23-Feb-2023 19:54:32.479 INFO [main] org.apache.catalina.startup.VersionLoggerListener.log Java Home:             /Library/Java/JavaVirtualMachines/jdk-19.jdk/Contents/Home
23-Feb-2023 19:54:32.479 INFO [main] org.apache.catalina.startup.VersionLoggerListener.log JVM Version:           19.0.2+7-44
23-Feb-2023 19:54:32.479 INFO [main] org.apache.catalina.startup.VersionLoggerListener.log JVM Vendor:            Oracle Corporation
23-Feb-2023 19:54:32.479 INFO [main] org.apache.catalina.startup.VersionLoggerListener.log CATALINA_BASE:         /Users/edmersonlow/Desktop/E-Commerce-Website-IM2073-Project/tomcat
23-Feb-2023 19:54:32.479 INFO [main] org.apache.catalina.startup.VersionLoggerListener.log CATALINA_HOME:         /Users/edmersonlow/Desktop/E-Commerce-Website-IM2073-Project/tomcat
23-Feb-2023 19:54:32.487 INFO [main] org.apache.catalina.startup.VersionLoggerListener.log Command line argument: -Djava.util.logging.config.file=/Users/edmersonlow/desktop/E-Commerce-Website-IM2073-Project/tomcat/conf/logging.properties
23-Feb-2023 19:54:32.487 INFO [main] org.apache.catalina.startup.VersionLoggerListener.log Command line argument: -Djava.util.logging.manager=org.apache.juli.ClassLoaderLogManager
23-Feb-2023 19:54:32.487 INFO [main] org.apache.catalina.startup.VersionLoggerListener.log Command line argument: -Djdk.tls.ephemeralDHKeySize=2048
23-Feb-2023 19:54:32.487 INFO [main] org.apache.catalina.startup.VersionLoggerListener.log Command line argument: -Djava.protocol.handler.pkgs=org.apache.catalina.webresources
23-Feb-2023 19:54:32.487 INFO [main] org.apache.catalina.startup.VersionLoggerListener.log Command line argument: -Dorg.apache.catalina.security.SecurityListener.UMASK=0027
23-Feb-2023 19:54:32.487 INFO [main] org.apache.catalina.startup.VersionLoggerListener.log Command line argument: --add-opens=java.base/java.lang=ALL-UNNAMED
23-Feb-2023 19:54:32.487 INFO [main] org.apache.catalina.startup.VersionLoggerListener.log Command line argument: --add-opens=java.base/java.io=ALL-UNNAMED
23-Feb-2023 19:54:32.487 INFO [main] org.apache.catalina.startup.VersionLoggerListener.log Command line argument: --add-opens=java.base/java.util=ALL-UNNAMED
23-Feb-2023 19:54:32.487 INFO [main] org.apache.catalina.startup.VersionLoggerListener.log Command line argument: --add-opens=java.base/java.util.concurrent=ALL-UNNAMED
23-Feb-2023 19:54:32.487 INFO [main] org.apache.catalina.startup.VersionLoggerListener.log Command line argument: --add-opens=java.rmi/sun.rmi.transport=ALL-UNNAMED
23-Feb-2023 19:54:32.488 INFO [main] org.apache.catalina.startup.VersionLoggerListener.log Command line argument: -Dcatalina.base=/Users/edmersonlow/desktop/E-Commerce-Website-IM2073-Project/tomcat
23-Feb-2023 19:54:32.488 INFO [main] org.apache.catalina.startup.VersionLoggerListener.log Command line argument: -Dcatalina.home=/Users/edmersonlow/desktop/E-Commerce-Website-IM2073-Project/tomcat
23-Feb-2023 19:54:32.488 INFO [main] org.apache.catalina.startup.VersionLoggerListener.log Command line argument: -Djava.io.tmpdir=/Users/edmersonlow/desktop/E-Commerce-Website-IM2073-Project/tomcat/temp
23-Feb-2023 19:54:32.493 INFO [main] org.apache.catalina.core.AprLifecycleListener.lifecycleEvent The Apache Tomcat Native library which allows using OpenSSL was not found on the java.library.path: [/Users/edmersonlow/Library/Java/Extensions:/Library/Java/Extensions:/Network/Library/Java/Extensions:/System/Library/Java/Extensions:/usr/lib/java:.]
23-Feb-2023 19:54:32.668 INFO [main] org.apache.coyote.AbstractProtocol.init Initializing ProtocolHandler ["http-nio-8080"]
23-Feb-2023 19:54:32.684 INFO [main] org.apache.catalina.startup.Catalina.load Server initialization in [295] milliseconds
23-Feb-2023 19:54:32.702 INFO [main] org.apache.catalina.core.StandardService.startInternal Starting service [Catalina]
23-Feb-2023 19:54:32.702 INFO [main] org.apache.catalina.core.StandardEngine.startInternal Starting Servlet engine: [Apache Tomcat/10.1.5]
23-Feb-2023 19:54:32.707 INFO [main] org.apache.catalina.startup.HostConfig.deployDirectory Deploying web application directory [/Users/edmersonlow/Desktop/E-Commerce-Website-IM2073-Project/tomcat/webapps/docs]
23-Feb-2023 19:54:33.021 INFO [main] org.apache.jasper.servlet.TldScanner.scanJars At least one JAR was scanned for TLDs yet contained no TLDs. Enable debug logging for this logger for a complete list of JARs that were scanned but no TLDs were found in them. Skipping unneeded JARs during scanning can improve startup time and JSP compilation time.
23-Feb-2023 19:54:33.040 INFO [main] org.apache.catalina.startup.HostConfig.deployDirectory Deployment of web application directory [/Users/edmersonlow/Desktop/E-Commerce-Website-IM2073-Project/tomcat/webapps/docs] has finished in [333] ms
23-Feb-2023 19:54:33.040 INFO [main] org.apache.catalina.startup.HostConfig.deployDirectory Deploying web application directory [/Users/edmersonlow/Desktop/E-Commerce-Website-IM2073-Project/tomcat/webapps/manager]
23-Feb-2023 19:54:33.206 INFO [main] org.apache.jasper.servlet.TldScanner.scanJars At least one JAR was scanned for TLDs yet contained no TLDs. Enable debug logging for this logger for a complete list of JARs that were scanned but no TLDs were found in them. Skipping unneeded JARs during scanning can improve startup time and JSP compilation time.
23-Feb-2023 19:54:33.209 INFO [main] org.apache.catalina.startup.HostConfig.deployDirectory Deployment of web application directory [/Users/edmersonlow/Desktop/E-Commerce-Website-IM2073-Project/tomcat/webapps/manager] has finished in [169] ms
23-Feb-2023 19:54:33.209 INFO [main] org.apache.catalina.startup.HostConfig.deployDirectory Deploying web application directory [/Users/edmersonlow/Desktop/E-Commerce-Website-IM2073-Project/tomcat/webapps/IM2073]
23-Feb-2023 19:54:33.362 INFO [main] org.apache.jasper.servlet.TldScanner.scanJars At least one JAR was scanned for TLDs yet contained no TLDs. Enable debug logging for this logger for a complete list of JARs that were scanned but no TLDs were found in them. Skipping unneeded JARs during scanning can improve startup time and JSP compilation time.
23-Feb-2023 19:54:33.366 INFO [main] org.apache.catalina.startup.HostConfig.deployDirectory Deployment of web application directory [/Users/edmersonlow/Desktop/E-Commerce-Website-IM2073-Project/tomcat/webapps/IM2073] has finished in [157] ms
23-Feb-2023 19:54:33.366 INFO [main] org.apache.catalina.startup.HostConfig.deployDirectory Deploying web application directory [/Users/edmersonlow/Desktop/E-Commerce-Website-IM2073-Project/tomcat/webapps/examples]
23-Feb-2023 19:54:33.598 INFO [main] org.apache.jasper.servlet.TldScanner.scanJars At least one JAR was scanned for TLDs yet contained no TLDs. Enable debug logging for this logger for a complete list of JARs that were scanned but no TLDs were found in them. Skipping unneeded JARs during scanning can improve startup time and JSP compilation time.
23-Feb-2023 19:54:33.607 INFO [main] org.apache.catalina.startup.HostConfig.deployDirectory Deployment of web application directory [/Users/edmersonlow/Desktop/E-Commerce-Website-IM2073-Project/tomcat/webapps/examples] has finished in [241] ms
23-Feb-2023 19:54:33.607 INFO [main] org.apache.catalina.startup.HostConfig.deployDirectory Deploying web application directory [/Users/edmersonlow/Desktop/E-Commerce-Website-IM2073-Project/tomcat/webapps/ROOT]
23-Feb-2023 19:54:33.757 INFO [main] org.apache.jasper.servlet.TldScanner.scanJars At least one JAR was scanned for TLDs yet contained no TLDs. Enable debug logging for this logger for a complete list of JARs that were scanned but no TLDs were found in them. Skipping unneeded JARs during scanning can improve startup time and JSP compilation time.
23-Feb-2023 19:54:33.757 INFO [main] org.apache.catalina.startup.HostConfig.deployDirectory Deployment of web application directory [/Users/edmersonlow/Desktop/E-Commerce-Website-IM2073-Project/tomcat/webapps/ROOT] has finished in [150] ms
23-Feb-2023 19:54:33.758 INFO [main] org.apache.catalina.startup.HostConfig.deployDirectory Deploying web application directory [/Users/edmersonlow/Desktop/E-Commerce-Website-IM2073-Project/tomcat/webapps/main]
23-Feb-2023 19:54:33.902 INFO [main] org.apache.jasper.servlet.TldScanner.scanJars At least one JAR was scanned for TLDs yet contained no TLDs. Enable debug logging for this logger for a complete list of JARs that were scanned but no TLDs were found in them. Skipping unneeded JARs during scanning can improve startup time and JSP compilation time.
23-Feb-2023 19:54:33.903 INFO [main] org.apache.catalina.startup.HostConfig.deployDirectory Deployment of web application directory [/Users/edmersonlow/Desktop/E-Commerce-Website-IM2073-Project/tomcat/webapps/main] has finished in [146] ms
23-Feb-2023 19:54:33.904 INFO [main] org.apache.catalina.startup.HostConfig.deployDirectory Deploying web application directory [/Users/edmersonlow/Desktop/E-Commerce-Website-IM2073-Project/tomcat/webapps/host-manager]
23-Feb-2023 19:54:34.054 INFO [main] org.apache.jasper.servlet.TldScanner.scanJars At least one JAR was scanned for TLDs yet contained no TLDs. Enable debug logging for this logger for a complete list of JARs that were scanned but no TLDs were found in them. Skipping unneeded JARs during scanning can improve startup time and JSP compilation time.
23-Feb-2023 19:54:34.055 INFO [main] org.apache.catalina.startup.HostConfig.deployDirectory Deployment of web application directory [/Users/edmersonlow/Desktop/E-Commerce-Website-IM2073-Project/tomcat/webapps/host-manager] has finished in [152] ms
23-Feb-2023 19:54:34.057 INFO [main] org.apache.coyote.AbstractProtocol.start Starting ProtocolHandler ["http-nio-8080"]
23-Feb-2023 19:54:34.063 INFO [main] org.apache.catalina.startup.Catalina.start Server startup in [1378] milliseconds
