08-Mar-2023 11:20:56.600 INFO [main] org.apache.catalina.startup.VersionLoggerListener.log Server version name:   Apache Tomcat/10.1.5
08-Mar-2023 11:20:56.603 INFO [main] org.apache.catalina.startup.VersionLoggerListener.log Server built:          Jan 9 2023 19:52:50 UTC
08-Mar-2023 11:20:56.603 INFO [main] org.apache.catalina.startup.VersionLoggerListener.log Server version number: 10.1.5.0
08-Mar-2023 11:20:56.603 INFO [main] org.apache.catalina.startup.VersionLoggerListener.log OS Name:               Mac OS X
08-Mar-2023 11:20:56.603 INFO [main] org.apache.catalina.startup.VersionLoggerListener.log OS Version:            13.0
08-Mar-2023 11:20:56.603 INFO [main] org.apache.catalina.startup.VersionLoggerListener.log Architecture:          aarch64
08-Mar-2023 11:20:56.603 INFO [main] org.apache.catalina.startup.VersionLoggerListener.log Java Home:             /Library/Java/JavaVirtualMachines/jdk-19.jdk/Contents/Home
08-Mar-2023 11:20:56.603 INFO [main] org.apache.catalina.startup.VersionLoggerListener.log JVM Version:           19.0.2+7-44
08-Mar-2023 11:20:56.603 INFO [main] org.apache.catalina.startup.VersionLoggerListener.log JVM Vendor:            Oracle Corporation
08-Mar-2023 11:20:56.603 INFO [main] org.apache.catalina.startup.VersionLoggerListener.log CATALINA_BASE:         /Users/edmersonlow/Desktop/Web Development/E-Commerce-Website-IM2073-Project/tomcat
08-Mar-2023 11:20:56.603 INFO [main] org.apache.catalina.startup.VersionLoggerListener.log CATALINA_HOME:         /Users/edmersonlow/Desktop/Web Development/E-Commerce-Website-IM2073-Project/tomcat
08-Mar-2023 11:20:56.611 INFO [main] org.apache.catalina.startup.VersionLoggerListener.log Command line argument: -Djava.util.logging.config.file=/Users/edmersonlow/Desktop/Web Development/E-Commerce-Website-IM2073-Project/tomcat/conf/logging.properties
08-Mar-2023 11:20:56.611 INFO [main] org.apache.catalina.startup.VersionLoggerListener.log Command line argument: -Djava.util.logging.manager=org.apache.juli.ClassLoaderLogManager
08-Mar-2023 11:20:56.611 INFO [main] org.apache.catalina.startup.VersionLoggerListener.log Command line argument: -Djdk.tls.ephemeralDHKeySize=2048
08-Mar-2023 11:20:56.611 INFO [main] org.apache.catalina.startup.VersionLoggerListener.log Command line argument: -Djava.protocol.handler.pkgs=org.apache.catalina.webresources
08-Mar-2023 11:20:56.612 INFO [main] org.apache.catalina.startup.VersionLoggerListener.log Command line argument: -Dorg.apache.catalina.security.SecurityListener.UMASK=0027
08-Mar-2023 11:20:56.612 INFO [main] org.apache.catalina.startup.VersionLoggerListener.log Command line argument: --add-opens=java.base/java.lang=ALL-UNNAMED
08-Mar-2023 11:20:56.612 INFO [main] org.apache.catalina.startup.VersionLoggerListener.log Command line argument: --add-opens=java.base/java.io=ALL-UNNAMED
08-Mar-2023 11:20:56.612 INFO [main] org.apache.catalina.startup.VersionLoggerListener.log Command line argument: --add-opens=java.base/java.util=ALL-UNNAMED
08-Mar-2023 11:20:56.612 INFO [main] org.apache.catalina.startup.VersionLoggerListener.log Command line argument: --add-opens=java.base/java.util.concurrent=ALL-UNNAMED
08-Mar-2023 11:20:56.612 INFO [main] org.apache.catalina.startup.VersionLoggerListener.log Command line argument: --add-opens=java.rmi/sun.rmi.transport=ALL-UNNAMED
08-Mar-2023 11:20:56.612 INFO [main] org.apache.catalina.startup.VersionLoggerListener.log Command line argument: -Dcatalina.base=/Users/edmersonlow/Desktop/Web Development/E-Commerce-Website-IM2073-Project/tomcat
08-Mar-2023 11:20:56.612 INFO [main] org.apache.catalina.startup.VersionLoggerListener.log Command line argument: -Dcatalina.home=/Users/edmersonlow/Desktop/Web Development/E-Commerce-Website-IM2073-Project/tomcat
08-Mar-2023 11:20:56.612 INFO [main] org.apache.catalina.startup.VersionLoggerListener.log Command line argument: -Djava.io.tmpdir=/Users/edmersonlow/Desktop/Web Development/E-Commerce-Website-IM2073-Project/tomcat/temp
08-Mar-2023 11:20:56.620 INFO [main] org.apache.catalina.core.AprLifecycleListener.lifecycleEvent The Apache Tomcat Native library which allows using OpenSSL was not found on the java.library.path: [/Users/edmersonlow/Library/Java/Extensions:/Library/Java/Extensions:/Network/Library/Java/Extensions:/System/Library/Java/Extensions:/usr/lib/java:.]
08-Mar-2023 11:20:56.802 INFO [main] org.apache.coyote.AbstractProtocol.init Initializing ProtocolHandler ["http-nio-8080"]
08-Mar-2023 11:20:56.819 INFO [main] org.apache.catalina.startup.Catalina.load Server initialization in [315] milliseconds
08-Mar-2023 11:20:56.838 INFO [main] org.apache.catalina.core.StandardService.startInternal Starting service [Catalina]
08-Mar-2023 11:20:56.838 INFO [main] org.apache.catalina.core.StandardEngine.startInternal Starting Servlet engine: [Apache Tomcat/10.1.5]
08-Mar-2023 11:20:56.842 INFO [main] org.apache.catalina.startup.HostConfig.deployDirectory Deploying web application directory [/Users/edmersonlow/Desktop/Web Development/E-Commerce-Website-IM2073-Project/tomcat/webapps/docs]
08-Mar-2023 11:20:57.190 INFO [main] org.apache.jasper.servlet.TldScanner.scanJars At least one JAR was scanned for TLDs yet contained no TLDs. Enable debug logging for this logger for a complete list of JARs that were scanned but no TLDs were found in them. Skipping unneeded JARs during scanning can improve startup time and JSP compilation time.
08-Mar-2023 11:20:57.211 INFO [main] org.apache.catalina.startup.HostConfig.deployDirectory Deployment of web application directory [/Users/edmersonlow/Desktop/Web Development/E-Commerce-Website-IM2073-Project/tomcat/webapps/docs] has finished in [369] ms
08-Mar-2023 11:20:57.212 INFO [main] org.apache.catalina.startup.HostConfig.deployDirectory Deploying web application directory [/Users/edmersonlow/Desktop/Web Development/E-Commerce-Website-IM2073-Project/tomcat/webapps/manager]
08-Mar-2023 11:20:57.407 INFO [main] org.apache.jasper.servlet.TldScanner.scanJars At least one JAR was scanned for TLDs yet contained no TLDs. Enable debug logging for this logger for a complete list of JARs that were scanned but no TLDs were found in them. Skipping unneeded JARs during scanning can improve startup time and JSP compilation time.
08-Mar-2023 11:20:57.410 INFO [main] org.apache.catalina.startup.HostConfig.deployDirectory Deployment of web application directory [/Users/edmersonlow/Desktop/Web Development/E-Commerce-Website-IM2073-Project/tomcat/webapps/manager] has finished in [198] ms
08-Mar-2023 11:20:57.410 INFO [main] org.apache.catalina.startup.HostConfig.deployDirectory Deploying web application directory [/Users/edmersonlow/Desktop/Web Development/E-Commerce-Website-IM2073-Project/tomcat/webapps/IM2073]
08-Mar-2023 11:20:57.595 INFO [main] org.apache.jasper.servlet.TldScanner.scanJars At least one JAR was scanned for TLDs yet contained no TLDs. Enable debug logging for this logger for a complete list of JARs that were scanned but no TLDs were found in them. Skipping unneeded JARs during scanning can improve startup time and JSP compilation time.
08-Mar-2023 11:20:57.599 INFO [main] org.apache.catalina.startup.HostConfig.deployDirectory Deployment of web application directory [/Users/edmersonlow/Desktop/Web Development/E-Commerce-Website-IM2073-Project/tomcat/webapps/IM2073] has finished in [189] ms
08-Mar-2023 11:20:57.599 INFO [main] org.apache.catalina.startup.HostConfig.deployDirectory Deploying web application directory [/Users/edmersonlow/Desktop/Web Development/E-Commerce-Website-IM2073-Project/tomcat/webapps/examples]
08-Mar-2023 11:20:57.868 INFO [main] org.apache.jasper.servlet.TldScanner.scanJars At least one JAR was scanned for TLDs yet contained no TLDs. Enable debug logging for this logger for a complete list of JARs that were scanned but no TLDs were found in them. Skipping unneeded JARs during scanning can improve startup time and JSP compilation time.
08-Mar-2023 11:20:57.878 INFO [main] org.apache.catalina.startup.HostConfig.deployDirectory Deployment of web application directory [/Users/edmersonlow/Desktop/Web Development/E-Commerce-Website-IM2073-Project/tomcat/webapps/examples] has finished in [279] ms
08-Mar-2023 11:20:57.878 INFO [main] org.apache.catalina.startup.HostConfig.deployDirectory Deploying web application directory [/Users/edmersonlow/Desktop/Web Development/E-Commerce-Website-IM2073-Project/tomcat/webapps/ROOT]
08-Mar-2023 11:20:58.057 INFO [main] org.apache.jasper.servlet.TldScanner.scanJars At least one JAR was scanned for TLDs yet contained no TLDs. Enable debug logging for this logger for a complete list of JARs that were scanned but no TLDs were found in them. Skipping unneeded JARs during scanning can improve startup time and JSP compilation time.
08-Mar-2023 11:20:58.058 INFO [main] org.apache.catalina.startup.HostConfig.deployDirectory Deployment of web application directory [/Users/edmersonlow/Desktop/Web Development/E-Commerce-Website-IM2073-Project/tomcat/webapps/ROOT] has finished in [180] ms
08-Mar-2023 11:20:58.058 INFO [main] org.apache.catalina.startup.HostConfig.deployDirectory Deploying web application directory [/Users/edmersonlow/Desktop/Web Development/E-Commerce-Website-IM2073-Project/tomcat/webapps/main]
08-Mar-2023 11:20:58.226 INFO [main] org.apache.jasper.servlet.TldScanner.scanJars At least one JAR was scanned for TLDs yet contained no TLDs. Enable debug logging for this logger for a complete list of JARs that were scanned but no TLDs were found in them. Skipping unneeded JARs during scanning can improve startup time and JSP compilation time.
08-Mar-2023 11:20:58.227 INFO [main] org.apache.catalina.startup.HostConfig.deployDirectory Deployment of web application directory [/Users/edmersonlow/Desktop/Web Development/E-Commerce-Website-IM2073-Project/tomcat/webapps/main] has finished in [169] ms
08-Mar-2023 11:20:58.227 INFO [main] org.apache.catalina.startup.HostConfig.deployDirectory Deploying web application directory [/Users/edmersonlow/Desktop/Web Development/E-Commerce-Website-IM2073-Project/tomcat/webapps/host-manager]
08-Mar-2023 11:20:58.399 INFO [main] org.apache.jasper.servlet.TldScanner.scanJars At least one JAR was scanned for TLDs yet contained no TLDs. Enable debug logging for this logger for a complete list of JARs that were scanned but no TLDs were found in them. Skipping unneeded JARs during scanning can improve startup time and JSP compilation time.
08-Mar-2023 11:20:58.400 INFO [main] org.apache.catalina.startup.HostConfig.deployDirectory Deployment of web application directory [/Users/edmersonlow/Desktop/Web Development/E-Commerce-Website-IM2073-Project/tomcat/webapps/host-manager] has finished in [173] ms
08-Mar-2023 11:20:58.402 INFO [main] org.apache.coyote.AbstractProtocol.start Starting ProtocolHandler ["http-nio-8080"]
08-Mar-2023 11:20:58.409 INFO [main] org.apache.catalina.startup.Catalina.start Server startup in [1589] milliseconds
08-Mar-2023 11:23:08.281 INFO [Thread-1] org.apache.coyote.AbstractProtocol.pause Pausing ProtocolHandler ["http-nio-8080"]
08-Mar-2023 11:23:08.286 INFO [Thread-1] org.apache.catalina.core.StandardService.stopInternal Stopping service [Catalina]
08-Mar-2023 11:23:08.309 INFO [Thread-1] org.apache.coyote.AbstractProtocol.stop Stopping ProtocolHandler ["http-nio-8080"]
08-Mar-2023 11:23:08.313 INFO [Thread-1] org.apache.coyote.AbstractProtocol.destroy Destroying ProtocolHandler ["http-nio-8080"]
08-Mar-2023 11:24:37.688 INFO [main] org.apache.catalina.startup.VersionLoggerListener.log Server version name:   Apache Tomcat/10.1.5
08-Mar-2023 11:24:37.690 INFO [main] org.apache.catalina.startup.VersionLoggerListener.log Server built:          Jan 9 2023 19:52:50 UTC
08-Mar-2023 11:24:37.690 INFO [main] org.apache.catalina.startup.VersionLoggerListener.log Server version number: 10.1.5.0
08-Mar-2023 11:24:37.690 INFO [main] org.apache.catalina.startup.VersionLoggerListener.log OS Name:               Mac OS X
08-Mar-2023 11:24:37.690 INFO [main] org.apache.catalina.startup.VersionLoggerListener.log OS Version:            13.0
08-Mar-2023 11:24:37.690 INFO [main] org.apache.catalina.startup.VersionLoggerListener.log Architecture:          aarch64
08-Mar-2023 11:24:37.690 INFO [main] org.apache.catalina.startup.VersionLoggerListener.log Java Home:             /Library/Java/JavaVirtualMachines/jdk-19.jdk/Contents/Home
08-Mar-2023 11:24:37.691 INFO [main] org.apache.catalina.startup.VersionLoggerListener.log JVM Version:           19.0.2+7-44
08-Mar-2023 11:24:37.691 INFO [main] org.apache.catalina.startup.VersionLoggerListener.log JVM Vendor:            Oracle Corporation
08-Mar-2023 11:24:37.691 INFO [main] org.apache.catalina.startup.VersionLoggerListener.log CATALINA_BASE:         /Users/edmersonlow/Desktop/Web Development/E-Commerce-Website-IM2073-Project/tomcat
08-Mar-2023 11:24:37.691 INFO [main] org.apache.catalina.startup.VersionLoggerListener.log CATALINA_HOME:         /Users/edmersonlow/Desktop/Web Development/E-Commerce-Website-IM2073-Project/tomcat
08-Mar-2023 11:24:37.699 INFO [main] org.apache.catalina.startup.VersionLoggerListener.log Command line argument: -Djava.util.logging.config.file=/Users/edmersonlow/Desktop/Web Development/E-Commerce-Website-IM2073-Project/tomcat/conf/logging.properties
08-Mar-2023 11:24:37.699 INFO [main] org.apache.catalina.startup.VersionLoggerListener.log Command line argument: -Djava.util.logging.manager=org.apache.juli.ClassLoaderLogManager
08-Mar-2023 11:24:37.699 INFO [main] org.apache.catalina.startup.VersionLoggerListener.log Command line argument: -Djdk.tls.ephemeralDHKeySize=2048
08-Mar-2023 11:24:37.699 INFO [main] org.apache.catalina.startup.VersionLoggerListener.log Command line argument: -Djava.protocol.handler.pkgs=org.apache.catalina.webresources
08-Mar-2023 11:24:37.699 INFO [main] org.apache.catalina.startup.VersionLoggerListener.log Command line argument: -Dorg.apache.catalina.security.SecurityListener.UMASK=0027
08-Mar-2023 11:24:37.699 INFO [main] org.apache.catalina.startup.VersionLoggerListener.log Command line argument: --add-opens=java.base/java.lang=ALL-UNNAMED
08-Mar-2023 11:24:37.699 INFO [main] org.apache.catalina.startup.VersionLoggerListener.log Command line argument: --add-opens=java.base/java.io=ALL-UNNAMED
08-Mar-2023 11:24:37.699 INFO [main] org.apache.catalina.startup.VersionLoggerListener.log Command line argument: --add-opens=java.base/java.util=ALL-UNNAMED
08-Mar-2023 11:24:37.699 INFO [main] org.apache.catalina.startup.VersionLoggerListener.log Command line argument: --add-opens=java.base/java.util.concurrent=ALL-UNNAMED
08-Mar-2023 11:24:37.699 INFO [main] org.apache.catalina.startup.VersionLoggerListener.log Command line argument: --add-opens=java.rmi/sun.rmi.transport=ALL-UNNAMED
08-Mar-2023 11:24:37.699 INFO [main] org.apache.catalina.startup.VersionLoggerListener.log Command line argument: -Dcatalina.base=/Users/edmersonlow/Desktop/Web Development/E-Commerce-Website-IM2073-Project/tomcat
08-Mar-2023 11:24:37.699 INFO [main] org.apache.catalina.startup.VersionLoggerListener.log Command line argument: -Dcatalina.home=/Users/edmersonlow/Desktop/Web Development/E-Commerce-Website-IM2073-Project/tomcat
08-Mar-2023 11:24:37.699 INFO [main] org.apache.catalina.startup.VersionLoggerListener.log Command line argument: -Djava.io.tmpdir=/Users/edmersonlow/Desktop/Web Development/E-Commerce-Website-IM2073-Project/tomcat/temp
08-Mar-2023 11:24:37.704 INFO [main] org.apache.catalina.core.AprLifecycleListener.lifecycleEvent The Apache Tomcat Native library which allows using OpenSSL was not found on the java.library.path: [/Users/edmersonlow/Library/Java/Extensions:/Library/Java/Extensions:/Network/Library/Java/Extensions:/System/Library/Java/Extensions:/usr/lib/java:.]
08-Mar-2023 11:24:37.877 INFO [main] org.apache.coyote.AbstractProtocol.init Initializing ProtocolHandler ["http-nio-8080"]
08-Mar-2023 11:24:37.894 INFO [main] org.apache.catalina.startup.Catalina.load Server initialization in [301] milliseconds
08-Mar-2023 11:24:37.912 INFO [main] org.apache.catalina.core.StandardService.startInternal Starting service [Catalina]
08-Mar-2023 11:24:37.912 INFO [main] org.apache.catalina.core.StandardEngine.startInternal Starting Servlet engine: [Apache Tomcat/10.1.5]
08-Mar-2023 11:24:37.916 INFO [main] org.apache.catalina.startup.HostConfig.deployDirectory Deploying web application directory [/Users/edmersonlow/Desktop/Web Development/E-Commerce-Website-IM2073-Project/tomcat/webapps/docs]
08-Mar-2023 11:24:38.266 INFO [main] org.apache.jasper.servlet.TldScanner.scanJars At least one JAR was scanned for TLDs yet contained no TLDs. Enable debug logging for this logger for a complete list of JARs that were scanned but no TLDs were found in them. Skipping unneeded JARs during scanning can improve startup time and JSP compilation time.
08-Mar-2023 11:24:38.286 INFO [main] org.apache.catalina.startup.HostConfig.deployDirectory Deployment of web application directory [/Users/edmersonlow/Desktop/Web Development/E-Commerce-Website-IM2073-Project/tomcat/webapps/docs] has finished in [369] ms
08-Mar-2023 11:24:38.286 INFO [main] org.apache.catalina.startup.HostConfig.deployDirectory Deploying web application directory [/Users/edmersonlow/Desktop/Web Development/E-Commerce-Website-IM2073-Project/tomcat/webapps/manager]
08-Mar-2023 11:24:38.468 INFO [main] org.apache.jasper.servlet.TldScanner.scanJars At least one JAR was scanned for TLDs yet contained no TLDs. Enable debug logging for this logger for a complete list of JARs that were scanned but no TLDs were found in them. Skipping unneeded JARs during scanning can improve startup time and JSP compilation time.
08-Mar-2023 11:24:38.471 INFO [main] org.apache.catalina.startup.HostConfig.deployDirectory Deployment of web application directory [/Users/edmersonlow/Desktop/Web Development/E-Commerce-Website-IM2073-Project/tomcat/webapps/manager] has finished in [185] ms
08-Mar-2023 11:24:38.472 INFO [main] org.apache.catalina.startup.HostConfig.deployDirectory Deploying web application directory [/Users/edmersonlow/Desktop/Web Development/E-Commerce-Website-IM2073-Project/tomcat/webapps/IM2073]
08-Mar-2023 11:24:38.646 INFO [main] org.apache.jasper.servlet.TldScanner.scanJars At least one JAR was scanned for TLDs yet contained no TLDs. Enable debug logging for this logger for a complete list of JARs that were scanned but no TLDs were found in them. Skipping unneeded JARs during scanning can improve startup time and JSP compilation time.
08-Mar-2023 11:24:38.650 INFO [main] org.apache.catalina.startup.HostConfig.deployDirectory Deployment of web application directory [/Users/edmersonlow/Desktop/Web Development/E-Commerce-Website-IM2073-Project/tomcat/webapps/IM2073] has finished in [178] ms
08-Mar-2023 11:24:38.650 INFO [main] org.apache.catalina.startup.HostConfig.deployDirectory Deploying web application directory [/Users/edmersonlow/Desktop/Web Development/E-Commerce-Website-IM2073-Project/tomcat/webapps/examples]
08-Mar-2023 11:24:38.901 INFO [main] org.apache.jasper.servlet.TldScanner.scanJars At least one JAR was scanned for TLDs yet contained no TLDs. Enable debug logging for this logger for a complete list of JARs that were scanned but no TLDs were found in them. Skipping unneeded JARs during scanning can improve startup time and JSP compilation time.
08-Mar-2023 11:24:38.910 INFO [main] org.apache.catalina.startup.HostConfig.deployDirectory Deployment of web application directory [/Users/edmersonlow/Desktop/Web Development/E-Commerce-Website-IM2073-Project/tomcat/webapps/examples] has finished in [260] ms
08-Mar-2023 11:24:38.911 INFO [main] org.apache.catalina.startup.HostConfig.deployDirectory Deploying web application directory [/Users/edmersonlow/Desktop/Web Development/E-Commerce-Website-IM2073-Project/tomcat/webapps/ROOT]
08-Mar-2023 11:24:39.075 INFO [main] org.apache.jasper.servlet.TldScanner.scanJars At least one JAR was scanned for TLDs yet contained no TLDs. Enable debug logging for this logger for a complete list of JARs that were scanned but no TLDs were found in them. Skipping unneeded JARs during scanning can improve startup time and JSP compilation time.
08-Mar-2023 11:24:39.076 INFO [main] org.apache.catalina.startup.HostConfig.deployDirectory Deployment of web application directory [/Users/edmersonlow/Desktop/Web Development/E-Commerce-Website-IM2073-Project/tomcat/webapps/ROOT] has finished in [165] ms
08-Mar-2023 11:24:39.076 INFO [main] org.apache.catalina.startup.HostConfig.deployDirectory Deploying web application directory [/Users/edmersonlow/Desktop/Web Development/E-Commerce-Website-IM2073-Project/tomcat/webapps/main]
08-Mar-2023 11:24:39.240 INFO [main] org.apache.jasper.servlet.TldScanner.scanJars At least one JAR was scanned for TLDs yet contained no TLDs. Enable debug logging for this logger for a complete list of JARs that were scanned but no TLDs were found in them. Skipping unneeded JARs during scanning can improve startup time and JSP compilation time.
08-Mar-2023 11:24:39.241 INFO [main] org.apache.catalina.startup.HostConfig.deployDirectory Deployment of web application directory [/Users/edmersonlow/Desktop/Web Development/E-Commerce-Website-IM2073-Project/tomcat/webapps/main] has finished in [165] ms
08-Mar-2023 11:24:39.241 INFO [main] org.apache.catalina.startup.HostConfig.deployDirectory Deploying web application directory [/Users/edmersonlow/Desktop/Web Development/E-Commerce-Website-IM2073-Project/tomcat/webapps/host-manager]
08-Mar-2023 11:24:39.406 INFO [main] org.apache.jasper.servlet.TldScanner.scanJars At least one JAR was scanned for TLDs yet contained no TLDs. Enable debug logging for this logger for a complete list of JARs that were scanned but no TLDs were found in them. Skipping unneeded JARs during scanning can improve startup time and JSP compilation time.
08-Mar-2023 11:24:39.407 INFO [main] org.apache.catalina.startup.HostConfig.deployDirectory Deployment of web application directory [/Users/edmersonlow/Desktop/Web Development/E-Commerce-Website-IM2073-Project/tomcat/webapps/host-manager] has finished in [166] ms
08-Mar-2023 11:24:39.409 INFO [main] org.apache.coyote.AbstractProtocol.start Starting ProtocolHandler ["http-nio-8080"]
08-Mar-2023 11:24:39.415 INFO [main] org.apache.catalina.startup.Catalina.start Server startup in [1521] milliseconds
08-Mar-2023 11:26:30.049 INFO [Catalina-utility-2] org.apache.catalina.startup.HostConfig.undeploy Undeploying context [/IM2073]
08-Mar-2023 11:26:30.090 INFO [Catalina-utility-2] org.apache.catalina.startup.HostConfig.deployDirectory Deploying web application directory [/Users/edmersonlow/Desktop/Web Development/E-Commerce-Website-IM2073-Project/tomcat/webapps/lowdingshop]
08-Mar-2023 11:26:30.289 INFO [Catalina-utility-2] org.apache.jasper.servlet.TldScanner.scanJars At least one JAR was scanned for TLDs yet contained no TLDs. Enable debug logging for this logger for a complete list of JARs that were scanned but no TLDs were found in them. Skipping unneeded JARs during scanning can improve startup time and JSP compilation time.
08-Mar-2023 11:26:30.291 INFO [Catalina-utility-2] org.apache.catalina.startup.HostConfig.deployDirectory Deployment of web application directory [/Users/edmersonlow/Desktop/Web Development/E-Commerce-Website-IM2073-Project/tomcat/webapps/lowdingshop] has finished in [201] ms
08-Mar-2023 11:35:41.023 INFO [Thread-1] org.apache.coyote.AbstractProtocol.pause Pausing ProtocolHandler ["http-nio-8080"]
08-Mar-2023 11:35:41.061 INFO [Thread-1] org.apache.catalina.core.StandardService.stopInternal Stopping service [Catalina]
08-Mar-2023 11:35:41.062 INFO [Catalina-utility-2] org.apache.catalina.startup.HostConfig.undeploy Undeploying context [/lowdingshop]
08-Mar-2023 11:35:41.071 INFO [Catalina-utility-2] org.apache.catalina.startup.HostConfig.deployDirectory Deploying web application directory [/Users/edmersonlow/Desktop/Web Development/E-Commerce-Website-IM2073-Project/tomcat/webapps/im2073]
08-Mar-2023 11:35:41.071 INFO [Catalina-utility-2] org.apache.catalina.startup.HostConfig.deployDirectory Deployment of web application directory [/Users/edmersonlow/Desktop/Web Development/E-Commerce-Website-IM2073-Project/tomcat/webapps/im2073] has finished in [0] ms
08-Mar-2023 11:35:41.080 INFO [Thread-1] org.apache.coyote.AbstractProtocol.stop Stopping ProtocolHandler ["http-nio-8080"]
08-Mar-2023 11:35:41.089 INFO [Thread-1] org.apache.coyote.AbstractProtocol.destroy Destroying ProtocolHandler ["http-nio-8080"]
08-Mar-2023 11:35:44.991 INFO [main] org.apache.catalina.startup.VersionLoggerListener.log Server version name:   Apache Tomcat/10.1.5
08-Mar-2023 11:35:44.994 INFO [main] org.apache.catalina.startup.VersionLoggerListener.log Server built:          Jan 9 2023 19:52:50 UTC
08-Mar-2023 11:35:44.994 INFO [main] org.apache.catalina.startup.VersionLoggerListener.log Server version number: 10.1.5.0
08-Mar-2023 11:35:44.994 INFO [main] org.apache.catalina.startup.VersionLoggerListener.log OS Name:               Mac OS X
08-Mar-2023 11:35:44.994 INFO [main] org.apache.catalina.startup.VersionLoggerListener.log OS Version:            13.0
08-Mar-2023 11:35:44.994 INFO [main] org.apache.catalina.startup.VersionLoggerListener.log Architecture:          aarch64
08-Mar-2023 11:35:44.994 INFO [main] org.apache.catalina.startup.VersionLoggerListener.log Java Home:             /Library/Java/JavaVirtualMachines/jdk-19.jdk/Contents/Home
08-Mar-2023 11:35:44.994 INFO [main] org.apache.catalina.startup.VersionLoggerListener.log JVM Version:           19.0.2+7-44
08-Mar-2023 11:35:44.994 INFO [main] org.apache.catalina.startup.VersionLoggerListener.log JVM Vendor:            Oracle Corporation
08-Mar-2023 11:35:44.994 INFO [main] org.apache.catalina.startup.VersionLoggerListener.log CATALINA_BASE:         /Users/edmersonlow/Desktop/Web Development/E-Commerce-Website-IM2073-Project/tomcat
08-Mar-2023 11:35:44.994 INFO [main] org.apache.catalina.startup.VersionLoggerListener.log CATALINA_HOME:         /Users/edmersonlow/Desktop/Web Development/E-Commerce-Website-IM2073-Project/tomcat
08-Mar-2023 11:35:45.000 INFO [main] org.apache.catalina.startup.VersionLoggerListener.log Command line argument: -Djava.util.logging.config.file=/Users/edmersonlow/Desktop/Web Development/E-Commerce-Website-IM2073-Project/tomcat/conf/logging.properties
08-Mar-2023 11:35:45.000 INFO [main] org.apache.catalina.startup.VersionLoggerListener.log Command line argument: -Djava.util.logging.manager=org.apache.juli.ClassLoaderLogManager
08-Mar-2023 11:35:45.000 INFO [main] org.apache.catalina.startup.VersionLoggerListener.log Command line argument: -Djdk.tls.ephemeralDHKeySize=2048
08-Mar-2023 11:35:45.000 INFO [main] org.apache.catalina.startup.VersionLoggerListener.log Command line argument: -Djava.protocol.handler.pkgs=org.apache.catalina.webresources
08-Mar-2023 11:35:45.000 INFO [main] org.apache.catalina.startup.VersionLoggerListener.log Command line argument: -Dorg.apache.catalina.security.SecurityListener.UMASK=0027
08-Mar-2023 11:35:45.000 INFO [main] org.apache.catalina.startup.VersionLoggerListener.log Command line argument: --add-opens=java.base/java.lang=ALL-UNNAMED
08-Mar-2023 11:35:45.000 INFO [main] org.apache.catalina.startup.VersionLoggerListener.log Command line argument: --add-opens=java.base/java.io=ALL-UNNAMED
08-Mar-2023 11:35:45.001 INFO [main] org.apache.catalina.startup.VersionLoggerListener.log Command line argument: --add-opens=java.base/java.util=ALL-UNNAMED
08-Mar-2023 11:35:45.001 INFO [main] org.apache.catalina.startup.VersionLoggerListener.log Command line argument: --add-opens=java.base/java.util.concurrent=ALL-UNNAMED
08-Mar-2023 11:35:45.001 INFO [main] org.apache.catalina.startup.VersionLoggerListener.log Command line argument: --add-opens=java.rmi/sun.rmi.transport=ALL-UNNAMED
08-Mar-2023 11:35:45.001 INFO [main] org.apache.catalina.startup.VersionLoggerListener.log Command line argument: -Dcatalina.base=/Users/edmersonlow/Desktop/Web Development/E-Commerce-Website-IM2073-Project/tomcat
08-Mar-2023 11:35:45.001 INFO [main] org.apache.catalina.startup.VersionLoggerListener.log Command line argument: -Dcatalina.home=/Users/edmersonlow/Desktop/Web Development/E-Commerce-Website-IM2073-Project/tomcat
08-Mar-2023 11:35:45.001 INFO [main] org.apache.catalina.startup.VersionLoggerListener.log Command line argument: -Djava.io.tmpdir=/Users/edmersonlow/Desktop/Web Development/E-Commerce-Website-IM2073-Project/tomcat/temp
08-Mar-2023 11:35:45.006 INFO [main] org.apache.catalina.core.AprLifecycleListener.lifecycleEvent The Apache Tomcat Native library which allows using OpenSSL was not found on the java.library.path: [/Users/edmersonlow/Library/Java/Extensions:/Library/Java/Extensions:/Network/Library/Java/Extensions:/System/Library/Java/Extensions:/usr/lib/java:.]
08-Mar-2023 11:35:45.163 INFO [main] org.apache.coyote.AbstractProtocol.init Initializing ProtocolHandler ["http-nio-8080"]
08-Mar-2023 11:35:45.178 INFO [main] org.apache.catalina.startup.Catalina.load Server initialization in [266] milliseconds
08-Mar-2023 11:35:45.194 INFO [main] org.apache.catalina.core.StandardService.startInternal Starting service [Catalina]
08-Mar-2023 11:35:45.195 INFO [main] org.apache.catalina.core.StandardEngine.startInternal Starting Servlet engine: [Apache Tomcat/10.1.5]
08-Mar-2023 11:35:45.199 INFO [main] org.apache.catalina.startup.HostConfig.deployDirectory Deploying web application directory [/Users/edmersonlow/Desktop/Web Development/E-Commerce-Website-IM2073-Project/tomcat/webapps/docs]
08-Mar-2023 11:35:45.524 INFO [main] org.apache.jasper.servlet.TldScanner.scanJars At least one JAR was scanned for TLDs yet contained no TLDs. Enable debug logging for this logger for a complete list of JARs that were scanned but no TLDs were found in them. Skipping unneeded JARs during scanning can improve startup time and JSP compilation time.
08-Mar-2023 11:35:45.541 INFO [main] org.apache.catalina.startup.HostConfig.deployDirectory Deployment of web application directory [/Users/edmersonlow/Desktop/Web Development/E-Commerce-Website-IM2073-Project/tomcat/webapps/docs] has finished in [342] ms
08-Mar-2023 11:35:45.542 INFO [main] org.apache.catalina.startup.HostConfig.deployDirectory Deploying web application directory [/Users/edmersonlow/Desktop/Web Development/E-Commerce-Website-IM2073-Project/tomcat/webapps/manager]
08-Mar-2023 11:35:45.727 INFO [main] org.apache.jasper.servlet.TldScanner.scanJars At least one JAR was scanned for TLDs yet contained no TLDs. Enable debug logging for this logger for a complete list of JARs that were scanned but no TLDs were found in them. Skipping unneeded JARs during scanning can improve startup time and JSP compilation time.
08-Mar-2023 11:35:45.731 INFO [main] org.apache.catalina.startup.HostConfig.deployDirectory Deployment of web application directory [/Users/edmersonlow/Desktop/Web Development/E-Commerce-Website-IM2073-Project/tomcat/webapps/manager] has finished in [189] ms
08-Mar-2023 11:35:45.731 INFO [main] org.apache.catalina.startup.HostConfig.deployDirectory Deploying web application directory [/Users/edmersonlow/Desktop/Web Development/E-Commerce-Website-IM2073-Project/tomcat/webapps/im2073]
08-Mar-2023 11:35:45.904 INFO [main] org.apache.jasper.servlet.TldScanner.scanJars At least one JAR was scanned for TLDs yet contained no TLDs. Enable debug logging for this logger for a complete list of JARs that were scanned but no TLDs were found in them. Skipping unneeded JARs during scanning can improve startup time and JSP compilation time.
08-Mar-2023 11:35:45.907 INFO [main] org.apache.catalina.startup.HostConfig.deployDirectory Deployment of web application directory [/Users/edmersonlow/Desktop/Web Development/E-Commerce-Website-IM2073-Project/tomcat/webapps/im2073] has finished in [176] ms
08-Mar-2023 11:35:45.907 INFO [main] org.apache.catalina.startup.HostConfig.deployDirectory Deploying web application directory [/Users/edmersonlow/Desktop/Web Development/E-Commerce-Website-IM2073-Project/tomcat/webapps/examples]
08-Mar-2023 11:35:46.165 INFO [main] org.apache.jasper.servlet.TldScanner.scanJars At least one JAR was scanned for TLDs yet contained no TLDs. Enable debug logging for this logger for a complete list of JARs that were scanned but no TLDs were found in them. Skipping unneeded JARs during scanning can improve startup time and JSP compilation time.
08-Mar-2023 11:35:46.175 INFO [main] org.apache.catalina.startup.HostConfig.deployDirectory Deployment of web application directory [/Users/edmersonlow/Desktop/Web Development/E-Commerce-Website-IM2073-Project/tomcat/webapps/examples] has finished in [268] ms
08-Mar-2023 11:35:46.175 INFO [main] org.apache.catalina.startup.HostConfig.deployDirectory Deploying web application directory [/Users/edmersonlow/Desktop/Web Development/E-Commerce-Website-IM2073-Project/tomcat/webapps/ROOT]
08-Mar-2023 11:35:46.341 INFO [main] org.apache.jasper.servlet.TldScanner.scanJars At least one JAR was scanned for TLDs yet contained no TLDs. Enable debug logging for this logger for a complete list of JARs that were scanned but no TLDs were found in them. Skipping unneeded JARs during scanning can improve startup time and JSP compilation time.
08-Mar-2023 11:35:46.341 INFO [main] org.apache.catalina.startup.HostConfig.deployDirectory Deployment of web application directory [/Users/edmersonlow/Desktop/Web Development/E-Commerce-Website-IM2073-Project/tomcat/webapps/ROOT] has finished in [166] ms
08-Mar-2023 11:35:46.341 INFO [main] org.apache.catalina.startup.HostConfig.deployDirectory Deploying web application directory [/Users/edmersonlow/Desktop/Web Development/E-Commerce-Website-IM2073-Project/tomcat/webapps/main]
08-Mar-2023 11:35:46.506 INFO [main] org.apache.jasper.servlet.TldScanner.scanJars At least one JAR was scanned for TLDs yet contained no TLDs. Enable debug logging for this logger for a complete list of JARs that were scanned but no TLDs were found in them. Skipping unneeded JARs during scanning can improve startup time and JSP compilation time.
08-Mar-2023 11:35:46.507 INFO [main] org.apache.catalina.startup.HostConfig.deployDirectory Deployment of web application directory [/Users/edmersonlow/Desktop/Web Development/E-Commerce-Website-IM2073-Project/tomcat/webapps/main] has finished in [166] ms
08-Mar-2023 11:35:46.507 INFO [main] org.apache.catalina.startup.HostConfig.deployDirectory Deploying web application directory [/Users/edmersonlow/Desktop/Web Development/E-Commerce-Website-IM2073-Project/tomcat/webapps/host-manager]
08-Mar-2023 11:35:46.673 INFO [main] org.apache.jasper.servlet.TldScanner.scanJars At least one JAR was scanned for TLDs yet contained no TLDs. Enable debug logging for this logger for a complete list of JARs that were scanned but no TLDs were found in them. Skipping unneeded JARs during scanning can improve startup time and JSP compilation time.
08-Mar-2023 11:35:46.674 INFO [main] org.apache.catalina.startup.HostConfig.deployDirectory Deployment of web application directory [/Users/edmersonlow/Desktop/Web Development/E-Commerce-Website-IM2073-Project/tomcat/webapps/host-manager] has finished in [167] ms
08-Mar-2023 11:35:46.676 INFO [main] org.apache.coyote.AbstractProtocol.start Starting ProtocolHandler ["http-nio-8080"]
08-Mar-2023 11:35:46.682 INFO [main] org.apache.catalina.startup.Catalina.start Server startup in [1503] milliseconds
08-Mar-2023 14:35:29.687 INFO [Thread-1] org.apache.coyote.AbstractProtocol.pause Pausing ProtocolHandler ["http-nio-8080"]
08-Mar-2023 14:35:29.698 INFO [Thread-1] org.apache.catalina.core.StandardService.stopInternal Stopping service [Catalina]
08-Mar-2023 14:35:29.726 INFO [Thread-1] org.apache.coyote.AbstractProtocol.stop Stopping ProtocolHandler ["http-nio-8080"]
08-Mar-2023 14:35:29.738 INFO [Thread-1] org.apache.coyote.AbstractProtocol.destroy Destroying ProtocolHandler ["http-nio-8080"]
08-Mar-2023 17:08:14.926 INFO [main] org.apache.catalina.startup.VersionLoggerListener.log Server version name:   Apache Tomcat/10.1.5
08-Mar-2023 17:08:14.928 INFO [main] org.apache.catalina.startup.VersionLoggerListener.log Server built:          Jan 9 2023 19:52:50 UTC
08-Mar-2023 17:08:14.928 INFO [main] org.apache.catalina.startup.VersionLoggerListener.log Server version number: 10.1.5.0
08-Mar-2023 17:08:14.928 INFO [main] org.apache.catalina.startup.VersionLoggerListener.log OS Name:               Mac OS X
08-Mar-2023 17:08:14.928 INFO [main] org.apache.catalina.startup.VersionLoggerListener.log OS Version:            13.0
08-Mar-2023 17:08:14.929 INFO [main] org.apache.catalina.startup.VersionLoggerListener.log Architecture:          aarch64
08-Mar-2023 17:08:14.929 INFO [main] org.apache.catalina.startup.VersionLoggerListener.log Java Home:             /Library/Java/JavaVirtualMachines/jdk-19.jdk/Contents/Home
08-Mar-2023 17:08:14.929 INFO [main] org.apache.catalina.startup.VersionLoggerListener.log JVM Version:           19.0.2+7-44
08-Mar-2023 17:08:14.929 INFO [main] org.apache.catalina.startup.VersionLoggerListener.log JVM Vendor:            Oracle Corporation
08-Mar-2023 17:08:14.929 INFO [main] org.apache.catalina.startup.VersionLoggerListener.log CATALINA_BASE:         /Users/edmersonlow/Desktop/Web Development/E-Commerce-Website-IM2073-Project/tomcat
08-Mar-2023 17:08:14.929 INFO [main] org.apache.catalina.startup.VersionLoggerListener.log CATALINA_HOME:         /Users/edmersonlow/Desktop/Web Development/E-Commerce-Website-IM2073-Project/tomcat
08-Mar-2023 17:08:14.933 INFO [main] org.apache.catalina.startup.VersionLoggerListener.log Command line argument: -Djava.util.logging.config.file=/Users/edmersonlow/Desktop/Web Development/E-Commerce-Website-IM2073-Project/tomcat/conf/logging.properties
08-Mar-2023 17:08:14.933 INFO [main] org.apache.catalina.startup.VersionLoggerListener.log Command line argument: -Djava.util.logging.manager=org.apache.juli.ClassLoaderLogManager
08-Mar-2023 17:08:14.934 INFO [main] org.apache.catalina.startup.VersionLoggerListener.log Command line argument: -Djdk.tls.ephemeralDHKeySize=2048
08-Mar-2023 17:08:14.934 INFO [main] org.apache.catalina.startup.VersionLoggerListener.log Command line argument: -Djava.protocol.handler.pkgs=org.apache.catalina.webresources
08-Mar-2023 17:08:14.934 INFO [main] org.apache.catalina.startup.VersionLoggerListener.log Command line argument: -Dorg.apache.catalina.security.SecurityListener.UMASK=0027
08-Mar-2023 17:08:14.934 INFO [main] org.apache.catalina.startup.VersionLoggerListener.log Command line argument: --add-opens=java.base/java.lang=ALL-UNNAMED
08-Mar-2023 17:08:14.934 INFO [main] org.apache.catalina.startup.VersionLoggerListener.log Command line argument: --add-opens=java.base/java.io=ALL-UNNAMED
08-Mar-2023 17:08:14.934 INFO [main] org.apache.catalina.startup.VersionLoggerListener.log Command line argument: --add-opens=java.base/java.util=ALL-UNNAMED
08-Mar-2023 17:08:14.934 INFO [main] org.apache.catalina.startup.VersionLoggerListener.log Command line argument: --add-opens=java.base/java.util.concurrent=ALL-UNNAMED
08-Mar-2023 17:08:14.934 INFO [main] org.apache.catalina.startup.VersionLoggerListener.log Command line argument: --add-opens=java.rmi/sun.rmi.transport=ALL-UNNAMED
08-Mar-2023 17:08:14.934 INFO [main] org.apache.catalina.startup.VersionLoggerListener.log Command line argument: -Dcatalina.base=/Users/edmersonlow/Desktop/Web Development/E-Commerce-Website-IM2073-Project/tomcat
08-Mar-2023 17:08:14.934 INFO [main] org.apache.catalina.startup.VersionLoggerListener.log Command line argument: -Dcatalina.home=/Users/edmersonlow/Desktop/Web Development/E-Commerce-Website-IM2073-Project/tomcat
08-Mar-2023 17:08:14.934 INFO [main] org.apache.catalina.startup.VersionLoggerListener.log Command line argument: -Djava.io.tmpdir=/Users/edmersonlow/Desktop/Web Development/E-Commerce-Website-IM2073-Project/tomcat/temp
08-Mar-2023 17:08:14.939 INFO [main] org.apache.catalina.core.AprLifecycleListener.lifecycleEvent The Apache Tomcat Native library which allows using OpenSSL was not found on the java.library.path: [/Users/edmersonlow/Library/Java/Extensions:/Library/Java/Extensions:/Network/Library/Java/Extensions:/System/Library/Java/Extensions:/usr/lib/java:.]
08-Mar-2023 17:08:15.100 INFO [main] org.apache.coyote.AbstractProtocol.init Initializing ProtocolHandler ["http-nio-8080"]
08-Mar-2023 17:08:15.114 INFO [main] org.apache.catalina.startup.Catalina.load Server initialization in [263] milliseconds
08-Mar-2023 17:08:15.128 INFO [main] org.apache.catalina.core.StandardService.startInternal Starting service [Catalina]
08-Mar-2023 17:08:15.129 INFO [main] org.apache.catalina.core.StandardEngine.startInternal Starting Servlet engine: [Apache Tomcat/10.1.5]
08-Mar-2023 17:08:15.132 INFO [main] org.apache.catalina.startup.HostConfig.deployDirectory Deploying web application directory [/Users/edmersonlow/Desktop/Web Development/E-Commerce-Website-IM2073-Project/tomcat/webapps/docs]
08-Mar-2023 17:08:15.445 INFO [main] org.apache.jasper.servlet.TldScanner.scanJars At least one JAR was scanned for TLDs yet contained no TLDs. Enable debug logging for this logger for a complete list of JARs that were scanned but no TLDs were found in them. Skipping unneeded JARs during scanning can improve startup time and JSP compilation time.
08-Mar-2023 17:08:15.463 INFO [main] org.apache.catalina.startup.HostConfig.deployDirectory Deployment of web application directory [/Users/edmersonlow/Desktop/Web Development/E-Commerce-Website-IM2073-Project/tomcat/webapps/docs] has finished in [331] ms
08-Mar-2023 17:08:15.463 INFO [main] org.apache.catalina.startup.HostConfig.deployDirectory Deploying web application directory [/Users/edmersonlow/Desktop/Web Development/E-Commerce-Website-IM2073-Project/tomcat/webapps/manager]
08-Mar-2023 17:08:15.662 INFO [main] org.apache.jasper.servlet.TldScanner.scanJars At least one JAR was scanned for TLDs yet contained no TLDs. Enable debug logging for this logger for a complete list of JARs that were scanned but no TLDs were found in them. Skipping unneeded JARs during scanning can improve startup time and JSP compilation time.
08-Mar-2023 17:08:15.665 INFO [main] org.apache.catalina.startup.HostConfig.deployDirectory Deployment of web application directory [/Users/edmersonlow/Desktop/Web Development/E-Commerce-Website-IM2073-Project/tomcat/webapps/manager] has finished in [202] ms
08-Mar-2023 17:08:15.666 INFO [main] org.apache.catalina.startup.HostConfig.deployDirectory Deploying web application directory [/Users/edmersonlow/Desktop/Web Development/E-Commerce-Website-IM2073-Project/tomcat/webapps/im2073]
08-Mar-2023 17:08:15.843 INFO [main] org.apache.jasper.servlet.TldScanner.scanJars At least one JAR was scanned for TLDs yet contained no TLDs. Enable debug logging for this logger for a complete list of JARs that were scanned but no TLDs were found in them. Skipping unneeded JARs during scanning can improve startup time and JSP compilation time.
08-Mar-2023 17:08:15.846 INFO [main] org.apache.catalina.startup.HostConfig.deployDirectory Deployment of web application directory [/Users/edmersonlow/Desktop/Web Development/E-Commerce-Website-IM2073-Project/tomcat/webapps/im2073] has finished in [180] ms
08-Mar-2023 17:08:15.846 INFO [main] org.apache.catalina.startup.HostConfig.deployDirectory Deploying web application directory [/Users/edmersonlow/Desktop/Web Development/E-Commerce-Website-IM2073-Project/tomcat/webapps/examples]
08-Mar-2023 17:08:16.119 INFO [main] org.apache.jasper.servlet.TldScanner.scanJars At least one JAR was scanned for TLDs yet contained no TLDs. Enable debug logging for this logger for a complete list of JARs that were scanned but no TLDs were found in them. Skipping unneeded JARs during scanning can improve startup time and JSP compilation time.
08-Mar-2023 17:08:16.130 INFO [main] org.apache.catalina.startup.HostConfig.deployDirectory Deployment of web application directory [/Users/edmersonlow/Desktop/Web Development/E-Commerce-Website-IM2073-Project/tomcat/webapps/examples] has finished in [284] ms
08-Mar-2023 17:08:16.130 INFO [main] org.apache.catalina.startup.HostConfig.deployDirectory Deploying web application directory [/Users/edmersonlow/Desktop/Web Development/E-Commerce-Website-IM2073-Project/tomcat/webapps/ROOT]
08-Mar-2023 17:08:16.306 INFO [main] org.apache.jasper.servlet.TldScanner.scanJars At least one JAR was scanned for TLDs yet contained no TLDs. Enable debug logging for this logger for a complete list of JARs that were scanned but no TLDs were found in them. Skipping unneeded JARs during scanning can improve startup time and JSP compilation time.
08-Mar-2023 17:08:16.307 INFO [main] org.apache.catalina.startup.HostConfig.deployDirectory Deployment of web application directory [/Users/edmersonlow/Desktop/Web Development/E-Commerce-Website-IM2073-Project/tomcat/webapps/ROOT] has finished in [177] ms
08-Mar-2023 17:08:16.308 INFO [main] org.apache.catalina.startup.HostConfig.deployDirectory Deploying web application directory [/Users/edmersonlow/Desktop/Web Development/E-Commerce-Website-IM2073-Project/tomcat/webapps/lowdingshop]
08-Mar-2023 17:08:16.479 INFO [main] org.apache.jasper.servlet.TldScanner.scanJars At least one JAR was scanned for TLDs yet contained no TLDs. Enable debug logging for this logger for a complete list of JARs that were scanned but no TLDs were found in them. Skipping unneeded JARs during scanning can improve startup time and JSP compilation time.
08-Mar-2023 17:08:16.480 INFO [main] org.apache.catalina.startup.HostConfig.deployDirectory Deployment of web application directory [/Users/edmersonlow/Desktop/Web Development/E-Commerce-Website-IM2073-Project/tomcat/webapps/lowdingshop] has finished in [172] ms
08-Mar-2023 17:08:16.480 INFO [main] org.apache.catalina.startup.HostConfig.deployDirectory Deploying web application directory [/Users/edmersonlow/Desktop/Web Development/E-Commerce-Website-IM2073-Project/tomcat/webapps/main]
08-Mar-2023 17:08:16.644 INFO [main] org.apache.jasper.servlet.TldScanner.scanJars At least one JAR was scanned for TLDs yet contained no TLDs. Enable debug logging for this logger for a complete list of JARs that were scanned but no TLDs were found in them. Skipping unneeded JARs during scanning can improve startup time and JSP compilation time.
08-Mar-2023 17:08:16.645 INFO [main] org.apache.catalina.startup.HostConfig.deployDirectory Deployment of web application directory [/Users/edmersonlow/Desktop/Web Development/E-Commerce-Website-IM2073-Project/tomcat/webapps/main] has finished in [164] ms
08-Mar-2023 17:08:16.645 INFO [main] org.apache.catalina.startup.HostConfig.deployDirectory Deploying web application directory [/Users/edmersonlow/Desktop/Web Development/E-Commerce-Website-IM2073-Project/tomcat/webapps/host-manager]
08-Mar-2023 17:08:16.816 INFO [main] org.apache.jasper.servlet.TldScanner.scanJars At least one JAR was scanned for TLDs yet contained no TLDs. Enable debug logging for this logger for a complete list of JARs that were scanned but no TLDs were found in them. Skipping unneeded JARs during scanning can improve startup time and JSP compilation time.
08-Mar-2023 17:08:16.817 INFO [main] org.apache.catalina.startup.HostConfig.deployDirectory Deployment of web application directory [/Users/edmersonlow/Desktop/Web Development/E-Commerce-Website-IM2073-Project/tomcat/webapps/host-manager] has finished in [171] ms
08-Mar-2023 17:08:16.818 INFO [main] org.apache.coyote.AbstractProtocol.start Starting ProtocolHandler ["http-nio-8080"]
08-Mar-2023 17:08:16.824 INFO [main] org.apache.catalina.startup.Catalina.start Server startup in [1709] milliseconds
